<?xml version="1.0" encoding="UTF-8"?>
<coverage generated="1770289223">
  <project timestamp="1770289223">
    <file name="/home/christophe/Public/packages/crealoz/easyaudit-cli/src/Console/Command/ActivateSelfSigned.php">
      <class name="EasyAudit\Console\Command\ActivateSelfSigned" namespace="global">
        <metrics complexity="6" methods="4" coveredmethods="0" conditionals="0" coveredconditionals="0" statements="16" coveredstatements="0" elements="20" coveredelements="0"/>
      </class>
      <line num="12" type="method" name="getDescription" visibility="public" complexity="1" crap="2" count="0"/>
      <line num="14" type="stmt" count="0"/>
      <line num="17" type="method" name="getSynopsis" visibility="public" complexity="1" crap="2" count="0"/>
      <line num="19" type="stmt" count="0"/>
      <line num="22" type="method" name="getHelp" visibility="public" complexity="1" crap="2" count="0"/>
      <line num="24" type="stmt" count="0"/>
      <line num="32" type="stmt" count="0"/>
      <line num="35" type="method" name="run" visibility="public" complexity="3" crap="12" count="0"/>
      <line num="37" type="stmt" count="0"/>
      <line num="38" type="stmt" count="0"/>
      <line num="39" type="stmt" count="0"/>
      <line num="40" type="stmt" count="0"/>
      <line num="44" type="stmt" count="0"/>
      <line num="45" type="stmt" count="0"/>
      <line num="46" type="stmt" count="0"/>
      <line num="47" type="stmt" count="0"/>
      <line num="48" type="stmt" count="0"/>
      <line num="50" type="stmt" count="0"/>
      <line num="51" type="stmt" count="0"/>
      <line num="52" type="stmt" count="0"/>
      <metrics loc="56" ncloc="55" classes="1" methods="4" coveredmethods="0" conditionals="0" coveredconditionals="0" statements="16" coveredstatements="0" elements="20" coveredelements="0"/>
    </file>
    <file name="/home/christophe/Public/packages/crealoz/easyaudit-cli/src/Console/Command/Auth.php">
      <class name="EasyAudit\Console\Command\Auth" namespace="global">
        <metrics complexity="11" methods="5" coveredmethods="0" conditionals="0" coveredconditionals="0" statements="33" coveredstatements="0" elements="38" coveredelements="0"/>
      </class>
      <line num="10" type="method" name="getDescription" visibility="public" complexity="1" crap="2" count="0"/>
      <line num="12" type="stmt" count="0"/>
      <line num="15" type="method" name="getSynopsis" visibility="public" complexity="1" crap="2" count="0"/>
      <line num="17" type="stmt" count="0"/>
      <line num="20" type="method" name="getHelp" visibility="public" complexity="1" crap="2" count="0"/>
      <line num="22" type="stmt" count="0"/>
      <line num="35" type="stmt" count="0"/>
      <line num="38" type="method" name="askSecret" visibility="private" complexity="3" crap="12" count="0"/>
      <line num="40" type="stmt" count="0"/>
      <line num="41" type="stmt" count="0"/>
      <line num="42" type="stmt" count="0"/>
      <line num="43" type="stmt" count="0"/>
      <line num="44" type="stmt" count="0"/>
      <line num="45" type="stmt" count="0"/>
      <line num="46" type="stmt" count="0"/>
      <line num="47" type="stmt" count="0"/>
      <line num="48" type="stmt" count="0"/>
      <line num="49" type="stmt" count="0"/>
      <line num="50" type="stmt" count="0"/>
      <line num="51" type="stmt" count="0"/>
      <line num="52" type="stmt" count="0"/>
      <line num="53" type="stmt" count="0"/>
      <line num="56" type="method" name="run" visibility="public" complexity="5" crap="30" count="0"/>
      <line num="58" type="stmt" count="0"/>
      <line num="59" type="stmt" count="0"/>
      <line num="60" type="stmt" count="0"/>
      <line num="63" type="stmt" count="0"/>
      <line num="64" type="stmt" count="0"/>
      <line num="66" type="stmt" count="0"/>
      <line num="67" type="stmt" count="0"/>
      <line num="68" type="stmt" count="0"/>
      <line num="69" type="stmt" count="0"/>
      <line num="74" type="stmt" count="0"/>
      <line num="75" type="stmt" count="0"/>
      <line num="76" type="stmt" count="0"/>
      <line num="77" type="stmt" count="0"/>
      <line num="79" type="stmt" count="0"/>
      <line num="81" type="stmt" count="0"/>
      <metrics loc="84" ncloc="82" classes="1" methods="5" coveredmethods="0" conditionals="0" coveredconditionals="0" statements="33" coveredstatements="0" elements="38" coveredelements="0"/>
    </file>
    <file name="/home/christophe/Public/packages/crealoz/easyaudit-cli/src/Console/Command/FixApply.php">
      <class name="EasyAudit\Console\Command\FixApply" namespace="global">
        <metrics complexity="72" methods="19" coveredmethods="0" conditionals="0" coveredconditionals="0" statements="178" coveredstatements="0" elements="197" coveredelements="0"/>
      </class>
      <line num="30" type="method" name="__construct" visibility="public" complexity="1" crap="2" count="0"/>
      <line num="32" type="stmt" count="0"/>
      <line num="33" type="stmt" count="0"/>
      <line num="36" type="method" name="getDescription" visibility="public" complexity="1" crap="2" count="0"/>
      <line num="38" type="stmt" count="0"/>
      <line num="41" type="method" name="getSynopsis" visibility="public" complexity="1" crap="2" count="0"/>
      <line num="43" type="stmt" count="0"/>
      <line num="46" type="method" name="getHelp" visibility="public" complexity="1" crap="2" count="0"/>
      <line num="48" type="stmt" count="0"/>
      <line num="78" type="stmt" count="0"/>
      <line num="81" type="method" name="run" visibility="public" complexity="7" crap="56" count="0"/>
      <line num="83" type="stmt" count="0"/>
      <line num="85" type="stmt" count="0"/>
      <line num="86" type="stmt" count="0"/>
      <line num="87" type="stmt" count="0"/>
      <line num="90" type="stmt" count="0"/>
      <line num="91" type="stmt" count="0"/>
      <line num="92" type="stmt" count="0"/>
      <line num="93" type="stmt" count="0"/>
      <line num="94" type="stmt" count="0"/>
      <line num="96" type="stmt" count="0"/>
      <line num="97" type="stmt" count="0"/>
      <line num="99" type="stmt" count="0"/>
      <line num="100" type="stmt" count="0"/>
      <line num="102" type="stmt" count="0"/>
      <line num="103" type="stmt" count="0"/>
      <line num="104" type="stmt" count="0"/>
      <line num="107" type="stmt" count="0"/>
      <line num="108" type="stmt" count="0"/>
      <line num="110" type="stmt" count="0"/>
      <line num="111" type="stmt" count="0"/>
      <line num="112" type="stmt" count="0"/>
      <line num="115" type="stmt" count="0"/>
      <line num="116" type="stmt" count="0"/>
      <line num="118" type="stmt" count="0"/>
      <line num="119" type="stmt" count="0"/>
      <line num="122" type="stmt" count="0"/>
      <line num="123" type="stmt" count="0"/>
      <line num="125" type="stmt" count="0"/>
      <line num="131" type="method" name="parseOptions" visibility="private" complexity="1" crap="2" count="0"/>
      <line num="133" type="stmt" count="0"/>
      <line num="134" type="stmt" count="0"/>
      <line num="135" type="stmt" count="0"/>
      <line num="136" type="stmt" count="0"/>
      <line num="137" type="stmt" count="0"/>
      <line num="138" type="stmt" count="0"/>
      <line num="139" type="stmt" count="0"/>
      <line num="145" type="method" name="resolveScanPath" visibility="private" complexity="3" crap="12" count="0"/>
      <line num="147" type="stmt" count="0"/>
      <line num="148" type="stmt" count="0"/>
      <line num="150" type="stmt" count="0"/>
      <line num="156" type="method" name="prepareFiles" visibility="private" complexity="1" crap="2" count="0"/>
      <line num="158" type="stmt" count="0"/>
      <line num="159" type="stmt" count="0"/>
      <line num="161" type="stmt" count="0"/>
      <line num="162" type="stmt" count="0"/>
      <line num="163" type="stmt" count="0"/>
      <line num="164" type="stmt" count="0"/>
      <line num="165" type="stmt" count="0"/>
      <line num="166" type="stmt" count="0"/>
      <line num="172" type="method" name="executeFixing" visibility="private" complexity="1" crap="2" count="0"/>
      <line num="174" type="stmt" count="0"/>
      <line num="175" type="stmt" count="0"/>
      <line num="176" type="stmt" count="0"/>
      <line num="182" type="method" name="reportProcessingResults" visibility="private" complexity="4" crap="20" count="0"/>
      <line num="184" type="stmt" count="0"/>
      <line num="185" type="stmt" count="0"/>
      <line num="187" type="stmt" count="0"/>
      <line num="188" type="stmt" count="0"/>
      <line num="189" type="stmt" count="0"/>
      <line num="190" type="stmt" count="0"/>
      <line num="191" type="stmt" count="0"/>
      <line num="194" type="stmt" count="0"/>
      <line num="195" type="stmt" count="0"/>
      <line num="204" type="method" name="loadReport" visibility="private" complexity="6" crap="42" count="0"/>
      <line num="206" type="stmt" count="0"/>
      <line num="208" type="stmt" count="0"/>
      <line num="209" type="stmt" count="0"/>
      <line num="212" type="stmt" count="0"/>
      <line num="213" type="stmt" count="0"/>
      <line num="216" type="stmt" count="0"/>
      <line num="217" type="stmt" count="0"/>
      <line num="218" type="stmt" count="0"/>
      <line num="221" type="stmt" count="0"/>
      <line num="229" type="method" name="readReportSource" visibility="private" complexity="5" crap="30" count="0"/>
      <line num="231" type="stmt" count="0"/>
      <line num="233" type="stmt" count="0"/>
      <line num="234" type="stmt" count="0"/>
      <line num="235" type="stmt" count="0"/>
      <line num="236" type="stmt" count="0"/>
      <line num="237" type="stmt" count="0"/>
      <line num="240" type="stmt" count="0"/>
      <line num="246" type="method" name="handleRuleSelection" visibility="private" complexity="2" crap="6" count="0"/>
      <line num="249" type="stmt" count="0"/>
      <line num="250" type="stmt" count="0"/>
      <line num="251" type="stmt" count="0"/>
      <line num="252" type="stmt" count="0"/>
      <line num="253" type="stmt" count="0"/>
      <line num="256" type="stmt" count="0"/>
      <line num="257" type="stmt" count="0"/>
      <line num="258" type="stmt" count="0"/>
      <line num="260" type="stmt" count="0"/>
      <line num="266" type="method" name="calculateCost" visibility="private" complexity="3" crap="12" count="0"/>
      <line num="268" type="stmt" count="0"/>
      <line num="269" type="stmt" count="0"/>
      <line num="270" type="stmt" count="0"/>
      <line num="271" type="stmt" count="0"/>
      <line num="275" type="stmt" count="0"/>
      <line num="277" type="stmt" count="0"/>
      <line num="285" type="method" name="checkCreditsAndConfirm" visibility="private" complexity="9" crap="90" count="0"/>
      <line num="287" type="stmt" count="0"/>
      <line num="290" type="stmt" count="0"/>
      <line num="291" type="stmt" count="0"/>
      <line num="293" type="stmt" count="0"/>
      <line num="294" type="stmt" count="0"/>
      <line num="297" type="stmt" count="0"/>
      <line num="298" type="stmt" count="0"/>
      <line num="300" type="stmt" count="0"/>
      <line num="301" type="stmt" count="0"/>
      <line num="302" type="stmt" count="0"/>
      <line num="305" type="stmt" count="0"/>
      <line num="306" type="stmt" count="0"/>
      <line num="307" type="stmt" count="0"/>
      <line num="308" type="stmt" count="0"/>
      <line num="309" type="stmt" count="0"/>
      <line num="310" type="stmt" count="0"/>
      <line num="313" type="stmt" count="0"/>
      <line num="314" type="stmt" count="0"/>
      <line num="317" type="stmt" count="0"/>
      <line num="323" type="method" name="savePatches" visibility="private" complexity="8" crap="72" count="0"/>
      <line num="325" type="stmt" count="0"/>
      <line num="326" type="stmt" count="0"/>
      <line num="328" type="stmt" count="0"/>
      <line num="329" type="stmt" count="0"/>
      <line num="330" type="stmt" count="0"/>
      <line num="333" type="stmt" count="0"/>
      <line num="335" type="stmt" count="0"/>
      <line num="336" type="stmt" count="0"/>
      <line num="337" type="stmt" count="0"/>
      <line num="339" type="stmt" count="0"/>
      <line num="340" type="stmt" count="0"/>
      <line num="343" type="stmt" count="0"/>
      <line num="344" type="stmt" count="0"/>
      <line num="346" type="stmt" count="0"/>
      <line num="347" type="stmt" count="0"/>
      <line num="348" type="stmt" count="0"/>
      <line num="351" type="stmt" count="0"/>
      <line num="352" type="stmt" count="0"/>
      <line num="355" type="stmt" count="0"/>
      <line num="361" type="method" name="showSummary" visibility="private" complexity="3" crap="12" count="0"/>
      <line num="363" type="stmt" count="0"/>
      <line num="365" type="stmt" count="0"/>
      <line num="366" type="stmt" count="0"/>
      <line num="367" type="stmt" count="0"/>
      <line num="369" type="stmt" count="0"/>
      <line num="376" type="method" name="processPayloads" visibility="private" complexity="6" crap="42" count="0"/>
      <line num="378" type="stmt" count="0"/>
      <line num="379" type="stmt" count="0"/>
      <line num="380" type="stmt" count="0"/>
      <line num="383" type="stmt" count="0"/>
      <line num="384" type="stmt" count="0"/>
      <line num="386" type="stmt" count="0"/>
      <line num="387" type="stmt" count="0"/>
      <line num="390" type="stmt" count="0"/>
      <line num="391" type="stmt" count="0"/>
      <line num="393" type="stmt" count="0"/>
      <line num="394" type="stmt" count="0"/>
      <line num="395" type="stmt" count="0"/>
      <line num="396" type="stmt" count="0"/>
      <line num="398" type="stmt" count="0"/>
      <line num="411" type="method" name="selectRule" visibility="private" complexity="9" crap="90" count="0"/>
      <line num="414" type="stmt" count="0"/>
      <line num="415" type="stmt" count="0"/>
      <line num="416" type="stmt" count="0"/>
      <line num="417" type="stmt" count="0"/>
      <line num="418" type="stmt" count="0"/>
      <line num="419" type="stmt" count="0"/>
      <line num="423" type="stmt" count="0"/>
      <line num="424" type="stmt" count="0"/>
      <line num="428" type="stmt" count="0"/>
      <line num="429" type="stmt" count="0"/>
      <line num="430" type="stmt" count="0"/>
      <line num="431" type="stmt" count="0"/>
      <line num="432" type="stmt" count="0"/>
      <line num="433" type="stmt" count="0"/>
      <line num="434" type="stmt" count="0"/>
      <line num="436" type="stmt" count="0"/>
      <line num="437" type="stmt" count="0"/>
      <line num="440" type="stmt" count="0"/>
      <line num="442" type="stmt" count="0"/>
      <line num="443" type="stmt" count="0"/>
      <line num="446" type="stmt" count="0"/>
      <line num="447" type="stmt" count="0"/>
      <line num="448" type="stmt" count="0"/>
      <line num="451" type="stmt" count="0"/>
      <line num="452" type="stmt" count="0"/>
      <line num="454" type="stmt" count="0"/>
      <metrics loc="457" ncloc="400" classes="1" methods="19" coveredmethods="0" conditionals="0" coveredconditionals="0" statements="178" coveredstatements="0" elements="197" coveredelements="0"/>
    </file>
    <file name="/home/christophe/Public/packages/crealoz/easyaudit-cli/src/Console/Command/Scan.php">
      <class name="EasyAudit\Console\Command\Scan" namespace="global">
        <metrics complexity="18" methods="4" coveredmethods="0" conditionals="0" coveredconditionals="0" statements="47" coveredstatements="0" elements="51" coveredelements="0"/>
      </class>
      <line num="16" type="method" name="getDescription" visibility="public" complexity="1" crap="2" count="0"/>
      <line num="18" type="stmt" count="0"/>
      <line num="21" type="method" name="getSynopsis" visibility="public" complexity="1" crap="2" count="0"/>
      <line num="23" type="stmt" count="0"/>
      <line num="26" type="method" name="getHelp" visibility="public" complexity="1" crap="2" count="0"/>
      <line num="28" type="stmt" count="0"/>
      <line num="48" type="stmt" count="0"/>
      <line num="51" type="method" name="run" visibility="public" complexity="15" crap="240" count="0"/>
      <line num="54" type="stmt" count="0"/>
      <line num="55" type="stmt" count="0"/>
      <line num="56" type="stmt" count="0"/>
      <line num="59" type="stmt" count="0"/>
      <line num="60" type="stmt" count="0"/>
      <line num="62" type="stmt" count="0"/>
      <line num="63" type="stmt" count="0"/>
      <line num="64" type="stmt" count="0"/>
      <line num="65" type="stmt" count="0"/>
      <line num="68" type="stmt" count="0"/>
      <line num="69" type="stmt" count="0"/>
      <line num="70" type="stmt" count="0"/>
      <line num="71" type="stmt" count="0"/>
      <line num="72" type="stmt" count="0"/>
      <line num="73" type="stmt" count="0"/>
      <line num="75" type="stmt" count="0"/>
      <line num="76" type="stmt" count="0"/>
      <line num="78" type="stmt" count="0"/>
      <line num="79" type="stmt" count="0"/>
      <line num="82" type="stmt" count="0"/>
      <line num="83" type="stmt" count="0"/>
      <line num="84" type="stmt" count="0"/>
      <line num="85" type="stmt" count="0"/>
      <line num="86" type="stmt" count="0"/>
      <line num="87" type="stmt" count="0"/>
      <line num="90" type="stmt" count="0"/>
      <line num="91" type="stmt" count="0"/>
      <line num="92" type="stmt" count="0"/>
      <line num="93" type="stmt" count="0"/>
      <line num="95" type="stmt" count="0"/>
      <line num="96" type="stmt" count="0"/>
      <line num="98" type="stmt" count="0"/>
      <line num="99" type="stmt" count="0"/>
      <line num="101" type="stmt" count="0"/>
      <line num="104" type="stmt" count="0"/>
      <line num="105" type="stmt" count="0"/>
      <line num="106" type="stmt" count="0"/>
      <line num="107" type="stmt" count="0"/>
      <line num="108" type="stmt" count="0"/>
      <line num="109" type="stmt" count="0"/>
      <line num="113" type="stmt" count="0"/>
      <line num="114" type="stmt" count="0"/>
      <line num="115" type="stmt" count="0"/>
      <metrics loc="118" ncloc="115" classes="1" methods="4" coveredmethods="0" conditionals="0" coveredconditionals="0" statements="47" coveredstatements="0" elements="51" coveredelements="0"/>
    </file>
    <file name="/home/christophe/Public/packages/crealoz/easyaudit-cli/src/Console/CommandInterface.php">
      <metrics loc="28" ncloc="15" classes="0" methods="0" coveredmethods="0" conditionals="0" coveredconditionals="0" statements="0" coveredstatements="0" elements="0" coveredelements="0"/>
    </file>
    <file name="/home/christophe/Public/packages/crealoz/easyaudit-cli/src/Console/Util/Args.php">
      <class name="EasyAudit\Console\Util\Args" namespace="global">
        <metrics complexity="20" methods="6" coveredmethods="0" conditionals="0" coveredconditionals="0" statements="38" coveredstatements="0" elements="44" coveredelements="0"/>
      </class>
      <line num="26" type="method" name="parse" visibility="public" complexity="5" crap="30" count="0"/>
      <line num="28" type="stmt" count="0"/>
      <line num="29" type="stmt" count="0"/>
      <line num="31" type="stmt" count="0"/>
      <line num="32" type="stmt" count="0"/>
      <line num="33" type="stmt" count="0"/>
      <line num="34" type="stmt" count="0"/>
      <line num="36" type="stmt" count="0"/>
      <line num="37" type="stmt" count="0"/>
      <line num="38" type="stmt" count="0"/>
      <line num="40" type="stmt" count="0"/>
      <line num="43" type="stmt" count="0"/>
      <line num="49" type="method" name="parseLongOption" visibility="private" complexity="4" crap="20" count="0"/>
      <line num="51" type="stmt" count="0"/>
      <line num="52" type="stmt" count="0"/>
      <line num="53" type="stmt" count="0"/>
      <line num="54" type="stmt" count="0"/>
      <line num="57" type="stmt" count="0"/>
      <line num="58" type="stmt" count="0"/>
      <line num="60" type="stmt" count="0"/>
      <line num="61" type="stmt" count="0"/>
      <line num="62" type="stmt" count="0"/>
      <line num="65" type="stmt" count="0"/>
      <line num="66" type="stmt" count="0"/>
      <line num="68" type="stmt" count="0"/>
      <line num="74" type="method" name="parseShortFlags" visibility="private" complexity="2" crap="6" count="0"/>
      <line num="76" type="stmt" count="0"/>
      <line num="77" type="stmt" count="0"/>
      <line num="78" type="stmt" count="0"/>
      <line num="79" type="stmt" count="0"/>
      <line num="92" type="method" name="optStr" visibility="public" complexity="3" crap="12" count="0"/>
      <line num="94" type="stmt" count="0"/>
      <line num="106" type="method" name="optArr" visibility="public" complexity="3" crap="12" count="0"/>
      <line num="108" type="stmt" count="0"/>
      <line num="109" type="stmt" count="0"/>
      <line num="111" type="stmt" count="0"/>
      <line num="124" type="method" name="optBool" visibility="public" complexity="3" crap="12" count="0"/>
      <line num="126" type="stmt" count="0"/>
      <line num="127" type="stmt" count="0"/>
      <line num="129" type="stmt" count="0"/>
      <line num="130" type="stmt" count="0"/>
      <line num="131" type="stmt" count="0"/>
      <line num="133" type="stmt" count="0"/>
      <line num="134" type="stmt" count="0"/>
      <metrics loc="137" ncloc="90" classes="1" methods="6" coveredmethods="0" conditionals="0" coveredconditionals="0" statements="38" coveredstatements="0" elements="44" coveredelements="0"/>
    </file>
    <file name="/home/christophe/Public/packages/crealoz/easyaudit-cli/src/Console/Util/Confirm.php">
      <class name="EasyAudit\Console\Util\Confirm" namespace="global">
        <metrics complexity="4" methods="1" coveredmethods="0" conditionals="0" coveredconditionals="0" statements="6" coveredstatements="0" elements="7" coveredelements="0"/>
      </class>
      <line num="14" type="method" name="confirm" visibility="public" complexity="4" crap="20" count="0"/>
      <line num="16" type="stmt" count="0"/>
      <line num="17" type="stmt" count="0"/>
      <line num="18" type="stmt" count="0"/>
      <line num="19" type="stmt" count="0"/>
      <line num="20" type="stmt" count="0"/>
      <line num="22" type="stmt" count="0"/>
      <metrics loc="25" ncloc="18" classes="1" methods="1" coveredmethods="0" conditionals="0" coveredconditionals="0" statements="6" coveredstatements="0" elements="7" coveredelements="0"/>
    </file>
    <file name="/home/christophe/Public/packages/crealoz/easyaudit-cli/src/Console/Util/Filenames.php">
      <class name="EasyAudit\Console\Util\Filenames" namespace="global">
        <metrics complexity="6" methods="3" coveredmethods="0" conditionals="0" coveredconditionals="0" statements="17" coveredstatements="0" elements="20" coveredelements="0"/>
      </class>
      <line num="13" type="method" name="sanitize" visibility="public" complexity="1" crap="2" count="0"/>
      <line num="16" type="stmt" count="0"/>
      <line num="19" type="stmt" count="0"/>
      <line num="22" type="stmt" count="0"/>
      <line num="35" type="method" name="getRelativePath" visibility="public" complexity="2" crap="6" count="0"/>
      <line num="38" type="stmt" count="0"/>
      <line num="39" type="stmt" count="0"/>
      <line num="42" type="stmt" count="0"/>
      <line num="43" type="stmt" count="0"/>
      <line num="46" type="stmt" count="0"/>
      <line num="50" type="stmt" count="0"/>
      <line num="62" type="method" name="getSequencedPath" visibility="public" complexity="3" crap="12" count="0"/>
      <line num="64" type="stmt" count="0"/>
      <line num="65" type="stmt" count="0"/>
      <line num="67" type="stmt" count="0"/>
      <line num="68" type="stmt" count="0"/>
      <line num="72" type="stmt" count="0"/>
      <line num="73" type="stmt" count="0"/>
      <line num="74" type="stmt" count="0"/>
      <line num="77" type="stmt" count="0"/>
      <metrics loc="80" ncloc="47" classes="1" methods="3" coveredmethods="0" conditionals="0" coveredconditionals="0" statements="17" coveredstatements="0" elements="20" coveredelements="0"/>
    </file>
    <file name="/home/christophe/Public/packages/crealoz/easyaudit-cli/src/Core/Report/JsonReporter.php">
      <class name="EasyAudit\Core\Report\JsonReporter" namespace="global">
        <metrics complexity="1" methods="1" coveredmethods="1" conditionals="0" coveredconditionals="0" statements="1" coveredstatements="1" elements="2" coveredelements="2"/>
      </class>
      <line num="7" type="method" name="generate" visibility="public" complexity="1" crap="1" count="8"/>
      <line num="9" type="stmt" count="8"/>
      <metrics loc="12" ncloc="12" classes="1" methods="1" coveredmethods="1" conditionals="0" coveredconditionals="0" statements="1" coveredstatements="1" elements="2" coveredelements="2"/>
    </file>
    <file name="/home/christophe/Public/packages/crealoz/easyaudit-cli/src/Core/Report/ReporterInterface.php">
      <metrics loc="9" ncloc="9" classes="0" methods="0" coveredmethods="0" conditionals="0" coveredconditionals="0" statements="0" coveredstatements="0" elements="0" coveredelements="0"/>
    </file>
    <file name="/home/christophe/Public/packages/crealoz/easyaudit-cli/src/Core/Report/SarifReporter.php">
      <class name="EasyAudit\Core\Report\SarifReporter" namespace="global">
        <metrics complexity="9" methods="1" coveredmethods="1" conditionals="0" coveredconditionals="0" statements="52" coveredstatements="52" elements="53" coveredelements="53"/>
      </class>
      <line num="7" type="method" name="generate" visibility="public" complexity="9" crap="9" count="23"/>
      <line num="9" type="stmt" count="23"/>
      <line num="11" type="stmt" count="23"/>
      <line num="12" type="stmt" count="23"/>
      <line num="14" type="stmt" count="23"/>
      <line num="15" type="stmt" count="23"/>
      <line num="16" type="stmt" count="17"/>
      <line num="17" type="stmt" count="1"/>
      <line num="19" type="stmt" count="16"/>
      <line num="20" type="stmt" count="16"/>
      <line num="21" type="stmt" count="16"/>
      <line num="22" type="stmt" count="16"/>
      <line num="23" type="stmt" count="16"/>
      <line num="24" type="stmt" count="16"/>
      <line num="25" type="stmt" count="16"/>
      <line num="26" type="stmt" count="16"/>
      <line num="27" type="stmt" count="16"/>
      <line num="28" type="stmt" count="16"/>
      <line num="29" type="stmt" count="16"/>
      <line num="30" type="stmt" count="16"/>
      <line num="31" type="stmt" count="16"/>
      <line num="32" type="stmt" count="16"/>
      <line num="33" type="stmt" count="16"/>
      <line num="34" type="stmt" count="16"/>
      <line num="35" type="stmt" count="16"/>
      <line num="36" type="stmt" count="16"/>
      <line num="37" type="stmt" count="16"/>
      <line num="38" type="stmt" count="16"/>
      <line num="39" type="stmt" count="16"/>
      <line num="40" type="stmt" count="16"/>
      <line num="41" type="stmt" count="16"/>
      <line num="42" type="stmt" count="16"/>
      <line num="43" type="stmt" count="16"/>
      <line num="44" type="stmt" count="16"/>
      <line num="45" type="stmt" count="16"/>
      <line num="46" type="stmt" count="16"/>
      <line num="47" type="stmt" count="16"/>
      <line num="51" type="stmt" count="23"/>
      <line num="52" type="stmt" count="23"/>
      <line num="53" type="stmt" count="23"/>
      <line num="54" type="stmt" count="23"/>
      <line num="55" type="stmt" count="23"/>
      <line num="56" type="stmt" count="23"/>
      <line num="57" type="stmt" count="23"/>
      <line num="58" type="stmt" count="23"/>
      <line num="59" type="stmt" count="23"/>
      <line num="60" type="stmt" count="23"/>
      <line num="61" type="stmt" count="23"/>
      <line num="62" type="stmt" count="23"/>
      <line num="63" type="stmt" count="23"/>
      <line num="64" type="stmt" count="23"/>
      <line num="65" type="stmt" count="23"/>
      <line num="67" type="stmt" count="23"/>
      <metrics loc="70" ncloc="70" classes="1" methods="1" coveredmethods="1" conditionals="0" coveredconditionals="0" statements="52" coveredstatements="52" elements="53" coveredelements="53"/>
    </file>
    <file name="/home/christophe/Public/packages/crealoz/easyaudit-cli/src/Core/Scan/ExternalToolMapping.php">
      <class name="EasyAudit\Core\Scan\ExternalToolMapping" namespace="global">
        <metrics complexity="4" methods="4" coveredmethods="0" conditionals="0" coveredconditionals="0" statements="4" coveredstatements="0" elements="8" coveredelements="0"/>
      </class>
      <line num="26" type="method" name="isExternallyFixable" visibility="public" complexity="1" crap="2" count="0"/>
      <line num="28" type="stmt" count="0"/>
      <line num="34" type="method" name="getCommand" visibility="public" complexity="1" crap="2" count="0"/>
      <line num="36" type="stmt" count="0"/>
      <line num="42" type="method" name="getTool" visibility="public" complexity="1" crap="2" count="0"/>
      <line num="44" type="stmt" count="0"/>
      <line num="50" type="method" name="getDescription" visibility="public" complexity="1" crap="2" count="0"/>
      <line num="52" type="stmt" count="0"/>
      <metrics loc="55" ncloc="35" classes="1" methods="4" coveredmethods="0" conditionals="0" coveredconditionals="0" statements="4" coveredstatements="0" elements="8" coveredelements="0"/>
    </file>
    <file name="/home/christophe/Public/packages/crealoz/easyaudit-cli/src/Core/Scan/Processor/AbstractProcessor.php">
      <class name="EasyAudit\Core\Scan\Processor\AbstractProcessor" namespace="global">
        <metrics complexity="2" methods="2" coveredmethods="2" conditionals="0" coveredconditionals="0" statements="8" coveredstatements="8" elements="10" coveredelements="10"/>
      </class>
      <line num="13" type="method" name="getFoundCount" visibility="public" complexity="1" crap="1" count="81"/>
      <line num="15" type="stmt" count="81"/>
      <line num="18" type="method" name="getReport" visibility="public" complexity="1" crap="1" count="17"/>
      <line num="20" type="stmt" count="17"/>
      <line num="21" type="stmt" count="17"/>
      <line num="22" type="stmt" count="17"/>
      <line num="23" type="stmt" count="17"/>
      <line num="24" type="stmt" count="17"/>
      <line num="25" type="stmt" count="17"/>
      <line num="26" type="stmt" count="17"/>
      <metrics loc="29" ncloc="29" classes="1" methods="2" coveredmethods="2" conditionals="0" coveredconditionals="0" statements="8" coveredstatements="8" elements="10" coveredelements="10"/>
    </file>
    <file name="/home/christophe/Public/packages/crealoz/easyaudit-cli/src/Core/Scan/Processor/AdvancedBlockVsViewModel.php">
      <class name="EasyAudit\Core\Scan\Processor\AdvancedBlockVsViewModel" namespace="global">
        <metrics complexity="24" methods="10" coveredmethods="0" conditionals="0" coveredconditionals="0" statements="102" coveredstatements="0" elements="112" coveredelements="0"/>
      </class>
      <line num="47" type="method" name="getIdentifier" visibility="public" complexity="1" crap="2" count="0"/>
      <line num="49" type="stmt" count="0"/>
      <line num="52" type="method" name="getFileType" visibility="public" complexity="1" crap="2" count="0"/>
      <line num="54" type="stmt" count="0"/>
      <line num="57" type="method" name="getReport" visibility="public" complexity="3" crap="12" count="0"/>
      <line num="59" type="stmt" count="0"/>
      <line num="61" type="stmt" count="0"/>
      <line num="62" type="stmt" count="0"/>
      <line num="63" type="stmt" count="0"/>
      <line num="64" type="stmt" count="0"/>
      <line num="65" type="stmt" count="0"/>
      <line num="66" type="stmt" count="0"/>
      <line num="67" type="stmt" count="0"/>
      <line num="68" type="stmt" count="0"/>
      <line num="69" type="stmt" count="0"/>
      <line num="70" type="stmt" count="0"/>
      <line num="71" type="stmt" count="0"/>
      <line num="72" type="stmt" count="0"/>
      <line num="73" type="stmt" count="0"/>
      <line num="74" type="stmt" count="0"/>
      <line num="75" type="stmt" count="0"/>
      <line num="78" type="stmt" count="0"/>
      <line num="79" type="stmt" count="0"/>
      <line num="80" type="stmt" count="0"/>
      <line num="81" type="stmt" count="0"/>
      <line num="82" type="stmt" count="0"/>
      <line num="83" type="stmt" count="0"/>
      <line num="84" type="stmt" count="0"/>
      <line num="85" type="stmt" count="0"/>
      <line num="86" type="stmt" count="0"/>
      <line num="87" type="stmt" count="0"/>
      <line num="88" type="stmt" count="0"/>
      <line num="89" type="stmt" count="0"/>
      <line num="90" type="stmt" count="0"/>
      <line num="91" type="stmt" count="0"/>
      <line num="94" type="stmt" count="0"/>
      <line num="97" type="method" name="getMessage" visibility="public" complexity="1" crap="2" count="0"/>
      <line num="99" type="stmt" count="0"/>
      <line num="100" type="stmt" count="0"/>
      <line num="103" type="method" name="process" visibility="public" complexity="4" crap="20" count="0"/>
      <line num="105" type="stmt" count="0"/>
      <line num="106" type="stmt" count="0"/>
      <line num="109" type="stmt" count="0"/>
      <line num="110" type="stmt" count="0"/>
      <line num="111" type="stmt" count="0"/>
      <line num="112" type="stmt" count="0"/>
      <line num="115" type="stmt" count="0"/>
      <line num="116" type="stmt" count="0"/>
      <line num="123" type="method" name="checkUseOfThis" visibility="private" complexity="2" crap="6" count="0"/>
      <line num="126" type="stmt" count="0"/>
      <line num="128" type="stmt" count="0"/>
      <line num="129" type="stmt" count="0"/>
      <line num="132" type="stmt" count="0"/>
      <line num="133" type="stmt" count="0"/>
      <line num="134" type="stmt" count="0"/>
      <line num="135" type="stmt" count="0"/>
      <line num="136" type="stmt" count="0"/>
      <line num="137" type="stmt" count="0"/>
      <line num="138" type="stmt" count="0"/>
      <line num="139" type="stmt" count="0"/>
      <line num="140" type="stmt" count="0"/>
      <line num="141" type="stmt" count="0"/>
      <line num="143" type="stmt" count="0"/>
      <line num="145" type="stmt" count="0"/>
      <line num="146" type="stmt" count="0"/>
      <line num="147" type="stmt" count="0"/>
      <line num="154" type="method" name="checkDataCrunch" visibility="private" complexity="4" crap="20" count="0"/>
      <line num="157" type="stmt" count="0"/>
      <line num="158" type="stmt" count="0"/>
      <line num="159" type="stmt" count="0"/>
      <line num="164" type="stmt" count="0"/>
      <line num="166" type="stmt" count="0"/>
      <line num="167" type="stmt" count="0"/>
      <line num="171" type="method" name="getDataCrunchWarnings" visibility="private" complexity="6" crap="42" count="0"/>
      <line num="174" type="stmt" count="0"/>
      <line num="176" type="stmt" count="0"/>
      <line num="177" type="stmt" count="0"/>
      <line num="178" type="stmt" count="0"/>
      <line num="179" type="stmt" count="0"/>
      <line num="180" type="stmt" count="0"/>
      <line num="183" type="stmt" count="0"/>
      <line num="184" type="stmt" count="0"/>
      <line num="187" type="stmt" count="0"/>
      <line num="191" type="stmt" count="0"/>
      <line num="192" type="stmt" count="0"/>
      <line num="194" type="stmt" count="0"/>
      <line num="195" type="stmt" count="0"/>
      <line num="196" type="stmt" count="0"/>
      <line num="197" type="stmt" count="0"/>
      <line num="200" type="stmt" count="0"/>
      <line num="202" type="stmt" count="0"/>
      <line num="203" type="stmt" count="0"/>
      <line num="204" type="stmt" count="0"/>
      <line num="205" type="stmt" count="0"/>
      <line num="206" type="stmt" count="0"/>
      <line num="207" type="stmt" count="0"/>
      <line num="208" type="stmt" count="0"/>
      <line num="209" type="stmt" count="0"/>
      <line num="213" type="method" name="getName" visibility="public" complexity="1" crap="2" count="0"/>
      <line num="215" type="stmt" count="0"/>
      <line num="218" type="method" name="getLongDescription" visibility="public" complexity="1" crap="2" count="0"/>
      <line num="220" type="stmt" count="0"/>
      <line num="221" type="stmt" count="0"/>
      <line num="222" type="stmt" count="0"/>
      <line num="223" type="stmt" count="0"/>
      <line num="224" type="stmt" count="0"/>
      <line num="225" type="stmt" count="0"/>
      <line num="226" type="stmt" count="0"/>
      <line num="227" type="stmt" count="0"/>
      <line num="228" type="stmt" count="0"/>
      <line num="229" type="stmt" count="0"/>
      <line num="230" type="stmt" count="0"/>
      <metrics loc="233" ncloc="204" classes="1" methods="10" coveredmethods="0" conditionals="0" coveredconditionals="0" statements="102" coveredstatements="0" elements="112" coveredelements="0"/>
    </file>
    <file name="/home/christophe/Public/packages/crealoz/easyaudit-cli/src/Core/Scan/Processor/AroundPlugins.php">
      <class name="EasyAudit\Core\Scan\Processor\AroundPlugins" namespace="global">
        <metrics complexity="36" methods="12" coveredmethods="6" conditionals="0" coveredconditionals="0" statements="134" coveredstatements="95" elements="146" coveredelements="101"/>
      </class>
      <line num="25" type="method" name="getIdentifier" visibility="public" complexity="1" crap="1" count="1"/>
      <line num="27" type="stmt" count="1"/>
      <line num="30" type="method" name="getFileType" visibility="public" complexity="1" crap="1" count="1"/>
      <line num="32" type="stmt" count="1"/>
      <line num="35" type="method" name="getReport" visibility="public" complexity="4" crap="4.35" count="3"/>
      <line num="37" type="stmt" count="3"/>
      <line num="38" type="stmt" count="3"/>
      <line num="39" type="stmt" count="2"/>
      <line num="40" type="stmt" count="2"/>
      <line num="41" type="stmt" count="2"/>
      <line num="42" type="stmt" count="2"/>
      <line num="43" type="stmt" count="2"/>
      <line num="44" type="stmt" count="2"/>
      <line num="45" type="stmt" count="2"/>
      <line num="46" type="stmt" count="2"/>
      <line num="47" type="stmt" count="2"/>
      <line num="48" type="stmt" count="2"/>
      <line num="49" type="stmt" count="2"/>
      <line num="50" type="stmt" count="2"/>
      <line num="51" type="stmt" count="2"/>
      <line num="53" type="stmt" count="3"/>
      <line num="54" type="stmt" count="1"/>
      <line num="55" type="stmt" count="1"/>
      <line num="56" type="stmt" count="1"/>
      <line num="57" type="stmt" count="1"/>
      <line num="58" type="stmt" count="1"/>
      <line num="59" type="stmt" count="1"/>
      <line num="60" type="stmt" count="1"/>
      <line num="61" type="stmt" count="1"/>
      <line num="62" type="stmt" count="1"/>
      <line num="63" type="stmt" count="1"/>
      <line num="64" type="stmt" count="1"/>
      <line num="65" type="stmt" count="1"/>
      <line num="66" type="stmt" count="1"/>
      <line num="68" type="stmt" count="3"/>
      <line num="69" type="stmt" count="0"/>
      <line num="70" type="stmt" count="0"/>
      <line num="71" type="stmt" count="0"/>
      <line num="72" type="stmt" count="0"/>
      <line num="73" type="stmt" count="0"/>
      <line num="74" type="stmt" count="0"/>
      <line num="75" type="stmt" count="0"/>
      <line num="76" type="stmt" count="0"/>
      <line num="77" type="stmt" count="0"/>
      <line num="78" type="stmt" count="0"/>
      <line num="79" type="stmt" count="0"/>
      <line num="80" type="stmt" count="0"/>
      <line num="83" type="stmt" count="3"/>
      <line num="86" type="method" name="getMessage" visibility="public" complexity="1" crap="1" count="1"/>
      <line num="88" type="stmt" count="1"/>
      <line num="89" type="stmt" count="1"/>
      <line num="92" type="method" name="process" visibility="public" complexity="3" crap="3" count="6"/>
      <line num="94" type="stmt" count="6"/>
      <line num="95" type="stmt" count="2"/>
      <line num="97" type="stmt" count="4"/>
      <line num="98" type="stmt" count="4"/>
      <line num="99" type="stmt" count="4"/>
      <line num="109" type="method" name="isAroundPlugin" visibility="private" complexity="3" crap="3" count="4"/>
      <line num="111" type="stmt" count="4"/>
      <line num="112" type="stmt" count="4"/>
      <line num="113" type="stmt" count="1"/>
      <line num="116" type="stmt" count="3"/>
      <line num="117" type="stmt" count="3"/>
      <line num="118" type="stmt" count="3"/>
      <line num="119" type="stmt" count="3"/>
      <line num="121" type="stmt" count="3"/>
      <line num="122" type="stmt" count="3"/>
      <line num="124" type="stmt" count="3"/>
      <line num="135" type="method" name="findCallableName" visibility="private" complexity="9" crap="14.18" count="3"/>
      <line num="137" type="stmt" count="3"/>
      <line num="139" type="stmt" count="3"/>
      <line num="140" type="stmt" count="3"/>
      <line num="141" type="stmt" count="3"/>
      <line num="142" type="stmt" count="3"/>
      <line num="145" type="stmt" count="3"/>
      <line num="146" type="stmt" count="3"/>
      <line num="150" type="stmt" count="3"/>
      <line num="151" type="stmt" count="3"/>
      <line num="152" type="stmt" count="0"/>
      <line num="157" type="stmt" count="0"/>
      <line num="158" type="stmt" count="0"/>
      <line num="159" type="stmt" count="0"/>
      <line num="160" type="stmt" count="0"/>
      <line num="164" type="stmt" count="0"/>
      <line num="176" type="method" name="categorizePlugin" visibility="private" complexity="4" crap="4.46" count="3"/>
      <line num="183" type="stmt" count="3"/>
      <line num="184" type="stmt" count="0"/>
      <line num="185" type="stmt" count="0"/>
      <line num="186" type="stmt" count="0"/>
      <line num="187" type="stmt" count="0"/>
      <line num="188" type="stmt" count="0"/>
      <line num="189" type="stmt" count="0"/>
      <line num="190" type="stmt" count="0"/>
      <line num="191" type="stmt" count="0"/>
      <line num="192" type="stmt" count="0"/>
      <line num="193" type="stmt" count="0"/>
      <line num="194" type="stmt" count="0"/>
      <line num="197" type="stmt" count="3"/>
      <line num="198" type="stmt" count="3"/>
      <line num="200" type="stmt" count="3"/>
      <line num="201" type="stmt" count="1"/>
      <line num="202" type="stmt" count="1"/>
      <line num="203" type="stmt" count="1"/>
      <line num="204" type="stmt" count="1"/>
      <line num="205" type="stmt" count="1"/>
      <line num="206" type="stmt" count="1"/>
      <line num="207" type="stmt" count="1"/>
      <line num="208" type="stmt" count="1"/>
      <line num="209" type="stmt" count="1"/>
      <line num="210" type="stmt" count="1"/>
      <line num="211" type="stmt" count="2"/>
      <line num="212" type="stmt" count="2"/>
      <line num="213" type="stmt" count="2"/>
      <line num="214" type="stmt" count="2"/>
      <line num="215" type="stmt" count="2"/>
      <line num="216" type="stmt" count="2"/>
      <line num="217" type="stmt" count="2"/>
      <line num="218" type="stmt" count="2"/>
      <line num="219" type="stmt" count="2"/>
      <line num="220" type="stmt" count="2"/>
      <line num="221" type="stmt" count="2"/>
      <line num="232" type="method" name="isAfterPlugin" visibility="private" complexity="4" crap="4.07" count="3"/>
      <line num="234" type="stmt" count="3"/>
      <line num="235" type="stmt" count="3"/>
      <line num="236" type="stmt" count="0"/>
      <line num="238" type="stmt" count="3"/>
      <line num="239" type="stmt" count="1"/>
      <line num="241" type="stmt" count="2"/>
      <line num="252" type="method" name="isBeforePlugin" visibility="private" complexity="4" crap="4.37" count="2"/>
      <line num="254" type="stmt" count="2"/>
      <line num="255" type="stmt" count="2"/>
      <line num="256" type="stmt" count="2"/>
      <line num="257" type="stmt" count="0"/>
      <line num="259" type="stmt" count="2"/>
      <line num="260" type="stmt" count="2"/>
      <line num="262" type="stmt" count="0"/>
      <line num="266" type="method" name="getName" visibility="public" complexity="1" crap="1" count="1"/>
      <line num="268" type="stmt" count="1"/>
      <line num="271" type="method" name="getLongDescription" visibility="public" complexity="1" crap="2" count="0"/>
      <line num="273" type="stmt" count="0"/>
      <line num="274" type="stmt" count="0"/>
      <line num="275" type="stmt" count="0"/>
      <line num="276" type="stmt" count="0"/>
      <line num="277" type="stmt" count="0"/>
      <line num="278" type="stmt" count="0"/>
      <line num="279" type="stmt" count="0"/>
      <metrics loc="282" ncloc="233" classes="1" methods="12" coveredmethods="6" conditionals="0" coveredconditionals="0" statements="134" coveredstatements="95" elements="146" coveredelements="101"/>
    </file>
    <file name="/home/christophe/Public/packages/crealoz/easyaudit-cli/src/Core/Scan/Processor/BlockViewModelRatio.php">
      <class name="EasyAudit\Core\Scan\Processor\BlockViewModelRatio" namespace="global">
        <metrics complexity="25" methods="12" coveredmethods="9" conditionals="0" coveredconditionals="0" statements="85" coveredstatements="73" elements="97" coveredelements="82"/>
      </class>
      <line num="20" type="method" name="getIdentifier" visibility="public" complexity="1" crap="1" count="1"/>
      <line num="22" type="stmt" count="1"/>
      <line num="25" type="method" name="getFileType" visibility="public" complexity="1" crap="1" count="1"/>
      <line num="27" type="stmt" count="1"/>
      <line num="30" type="method" name="getReport" visibility="public" complexity="2" crap="2" count="6"/>
      <line num="32" type="stmt" count="6"/>
      <line num="34" type="stmt" count="6"/>
      <line num="35" type="stmt" count="3"/>
      <line num="36" type="stmt" count="3"/>
      <line num="37" type="stmt" count="3"/>
      <line num="38" type="stmt" count="3"/>
      <line num="39" type="stmt" count="3"/>
      <line num="40" type="stmt" count="3"/>
      <line num="41" type="stmt" count="3"/>
      <line num="42" type="stmt" count="3"/>
      <line num="43" type="stmt" count="3"/>
      <line num="44" type="stmt" count="3"/>
      <line num="45" type="stmt" count="3"/>
      <line num="46" type="stmt" count="3"/>
      <line num="47" type="stmt" count="3"/>
      <line num="50" type="stmt" count="6"/>
      <line num="53" type="method" name="getMessage" visibility="public" complexity="1" crap="1" count="1"/>
      <line num="55" type="stmt" count="1"/>
      <line num="56" type="stmt" count="1"/>
      <line num="59" type="method" name="process" visibility="public" complexity="4" crap="4" count="6"/>
      <line num="61" type="stmt" count="6"/>
      <line num="62" type="stmt" count="2"/>
      <line num="65" type="stmt" count="4"/>
      <line num="67" type="stmt" count="4"/>
      <line num="68" type="stmt" count="4"/>
      <line num="70" type="stmt" count="4"/>
      <line num="71" type="stmt" count="3"/>
      <line num="72" type="stmt" count="3"/>
      <line num="73" type="stmt" count="3"/>
      <line num="75" type="stmt" count="3"/>
      <line num="76" type="stmt" count="3"/>
      <line num="77" type="stmt" count="3"/>
      <line num="78" type="stmt" count="3"/>
      <line num="79" type="stmt" count="3"/>
      <line num="80" type="stmt" count="3"/>
      <line num="81" type="stmt" count="3"/>
      <line num="82" type="stmt" count="3"/>
      <line num="83" type="stmt" count="3"/>
      <line num="84" type="stmt" count="3"/>
      <line num="85" type="stmt" count="3"/>
      <line num="96" type="method" name="segregateFilesByModule" visibility="private" complexity="4" crap="4.02" count="4"/>
      <line num="98" type="stmt" count="4"/>
      <line num="100" type="stmt" count="4"/>
      <line num="101" type="stmt" count="4"/>
      <line num="103" type="stmt" count="4"/>
      <line num="104" type="stmt" count="0"/>
      <line num="107" type="stmt" count="4"/>
      <line num="108" type="stmt" count="4"/>
      <line num="111" type="stmt" count="4"/>
      <line num="114" type="stmt" count="4"/>
      <line num="127" type="method" name="extractModuleName" visibility="private" complexity="4" crap="11.28" count="4"/>
      <line num="130" type="stmt" count="4"/>
      <line num="134" type="stmt" count="4"/>
      <line num="135" type="stmt" count="4"/>
      <line num="139" type="stmt" count="0"/>
      <line num="140" type="stmt" count="0"/>
      <line num="142" type="stmt" count="0"/>
      <line num="143" type="stmt" count="0"/>
      <line num="144" type="stmt" count="0"/>
      <line num="148" type="stmt" count="0"/>
      <line num="149" type="stmt" count="0"/>
      <line num="150" type="stmt" count="0"/>
      <line num="151" type="stmt" count="0"/>
      <line num="154" type="stmt" count="0"/>
      <line num="163" type="method" name="calculateBlockRatio" visibility="private" complexity="2" crap="2.03" count="4"/>
      <line num="165" type="stmt" count="4"/>
      <line num="166" type="stmt" count="4"/>
      <line num="167" type="stmt" count="0"/>
      <line num="170" type="stmt" count="4"/>
      <line num="172" type="stmt" count="4"/>
      <line num="181" type="method" name="countBlockFiles" visibility="private" complexity="3" crap="3" count="4"/>
      <line num="183" type="stmt" count="4"/>
      <line num="185" type="stmt" count="4"/>
      <line num="186" type="stmt" count="4"/>
      <line num="187" type="stmt" count="4"/>
      <line num="191" type="stmt" count="4"/>
      <line num="200" type="method" name="isBlockFile" visibility="private" complexity="1" crap="1" count="4"/>
      <line num="203" type="stmt" count="4"/>
      <line num="206" type="stmt" count="4"/>
      <line num="209" type="method" name="getName" visibility="public" complexity="1" crap="1" count="1"/>
      <line num="211" type="stmt" count="1"/>
      <line num="214" type="method" name="getLongDescription" visibility="public" complexity="1" crap="1" count="1"/>
      <line num="216" type="stmt" count="1"/>
      <line num="217" type="stmt" count="1"/>
      <line num="218" type="stmt" count="1"/>
      <line num="219" type="stmt" count="1"/>
      <line num="220" type="stmt" count="1"/>
      <line num="221" type="stmt" count="1"/>
      <line num="222" type="stmt" count="1"/>
      <line num="223" type="stmt" count="1"/>
      <line num="224" type="stmt" count="1"/>
      <line num="225" type="stmt" count="1"/>
      <metrics loc="228" ncloc="177" classes="1" methods="12" coveredmethods="9" conditionals="0" coveredconditionals="0" statements="85" coveredstatements="73" elements="97" coveredelements="82"/>
    </file>
    <file name="/home/christophe/Public/packages/crealoz/easyaudit-cli/src/Core/Scan/Processor/Cacheable.php">
      <class name="EasyAudit\Core\Scan\Processor\Cacheable" namespace="global">
        <metrics complexity="18" methods="8" coveredmethods="8" conditionals="0" coveredconditionals="0" statements="60" coveredstatements="60" elements="68" coveredelements="68"/>
      </class>
      <line num="25" type="method" name="getIdentifier" visibility="public" complexity="1" crap="1" count="1"/>
      <line num="27" type="stmt" count="1"/>
      <line num="30" type="method" name="getFileType" visibility="public" complexity="1" crap="1" count="1"/>
      <line num="32" type="stmt" count="1"/>
      <line num="35" type="method" name="getReport" visibility="public" complexity="2" crap="2" count="9"/>
      <line num="37" type="stmt" count="9"/>
      <line num="38" type="stmt" count="9"/>
      <line num="39" type="stmt" count="2"/>
      <line num="40" type="stmt" count="2"/>
      <line num="41" type="stmt" count="2"/>
      <line num="42" type="stmt" count="2"/>
      <line num="43" type="stmt" count="2"/>
      <line num="44" type="stmt" count="2"/>
      <line num="45" type="stmt" count="2"/>
      <line num="46" type="stmt" count="2"/>
      <line num="47" type="stmt" count="2"/>
      <line num="48" type="stmt" count="2"/>
      <line num="49" type="stmt" count="2"/>
      <line num="50" type="stmt" count="2"/>
      <line num="51" type="stmt" count="2"/>
      <line num="52" type="stmt" count="2"/>
      <line num="53" type="stmt" count="2"/>
      <line num="56" type="stmt" count="9"/>
      <line num="59" type="method" name="getMessage" visibility="public" complexity="1" crap="1" count="1"/>
      <line num="61" type="stmt" count="1"/>
      <line num="64" type="method" name="process" visibility="public" complexity="7" crap="7" count="9"/>
      <line num="66" type="stmt" count="9"/>
      <line num="67" type="stmt" count="2"/>
      <line num="70" type="stmt" count="7"/>
      <line num="72" type="stmt" count="7"/>
      <line num="73" type="stmt" count="1"/>
      <line num="77" type="stmt" count="6"/>
      <line num="78" type="stmt" count="6"/>
      <line num="79" type="stmt" count="6"/>
      <line num="80" type="stmt" count="6"/>
      <line num="82" type="stmt" count="6"/>
      <line num="83" type="stmt" count="1"/>
      <line num="86" type="stmt" count="5"/>
      <line num="87" type="stmt" count="5"/>
      <line num="89" type="stmt" count="5"/>
      <line num="90" type="stmt" count="4"/>
      <line num="91" type="stmt" count="4"/>
      <line num="97" type="method" name="checkBlock" visibility="private" complexity="4" crap="4" count="4"/>
      <line num="100" type="stmt" count="4"/>
      <line num="103" type="stmt" count="4"/>
      <line num="104" type="stmt" count="4"/>
      <line num="105" type="stmt" count="4"/>
      <line num="109" type="stmt" count="2"/>
      <line num="110" type="stmt" count="2"/>
      <line num="111" type="stmt" count="2"/>
      <line num="114" type="stmt" count="2"/>
      <line num="116" type="stmt" count="2"/>
      <line num="117" type="stmt" count="2"/>
      <line num="118" type="stmt" count="2"/>
      <line num="119" type="stmt" count="2"/>
      <line num="122" type="method" name="getName" visibility="public" complexity="1" crap="1" count="1"/>
      <line num="124" type="stmt" count="1"/>
      <line num="127" type="method" name="getLongDescription" visibility="public" complexity="1" crap="1" count="1"/>
      <line num="129" type="stmt" count="1"/>
      <line num="130" type="stmt" count="1"/>
      <line num="131" type="stmt" count="1"/>
      <line num="132" type="stmt" count="1"/>
      <line num="133" type="stmt" count="1"/>
      <line num="134" type="stmt" count="1"/>
      <line num="135" type="stmt" count="1"/>
      <line num="136" type="stmt" count="1"/>
      <line num="137" type="stmt" count="1"/>
      <line num="138" type="stmt" count="1"/>
      <metrics loc="141" ncloc="125" classes="1" methods="8" coveredmethods="8" conditionals="0" coveredconditionals="0" statements="60" coveredstatements="60" elements="68" coveredelements="68"/>
    </file>
    <file name="/home/christophe/Public/packages/crealoz/easyaudit-cli/src/Core/Scan/Processor/HardWrittenSQL.php">
      <class name="EasyAudit\Core\Scan\Processor\HardWrittenSQL" namespace="global">
        <metrics complexity="31" methods="16" coveredmethods="15" conditionals="0" coveredconditionals="0" statements="77" coveredstatements="76" elements="93" coveredelements="91"/>
      </class>
      <line num="97" type="method" name="getIdentifier" visibility="public" complexity="1" crap="1" count="1"/>
      <line num="99" type="stmt" count="1"/>
      <line num="102" type="method" name="getFileType" visibility="public" complexity="1" crap="1" count="1"/>
      <line num="104" type="stmt" count="1"/>
      <line num="107" type="method" name="getName" visibility="public" complexity="1" crap="1" count="1"/>
      <line num="109" type="stmt" count="1"/>
      <line num="112" type="method" name="getMessage" visibility="public" complexity="1" crap="1" count="1"/>
      <line num="114" type="stmt" count="1"/>
      <line num="117" type="method" name="getLongDescription" visibility="public" complexity="1" crap="1" count="1"/>
      <line num="119" type="stmt" count="1"/>
      <line num="120" type="stmt" count="1"/>
      <line num="121" type="stmt" count="1"/>
      <line num="122" type="stmt" count="1"/>
      <line num="123" type="stmt" count="1"/>
      <line num="129" type="method" name="process" visibility="public" complexity="5" crap="5.02" count="11"/>
      <line num="131" type="stmt" count="11"/>
      <line num="132" type="stmt" count="2"/>
      <line num="135" type="stmt" count="9"/>
      <line num="136" type="stmt" count="9"/>
      <line num="137" type="stmt" count="1"/>
      <line num="140" type="stmt" count="8"/>
      <line num="141" type="stmt" count="8"/>
      <line num="142" type="stmt" count="0"/>
      <line num="145" type="stmt" count="8"/>
      <line num="146" type="stmt" count="8"/>
      <line num="149" type="stmt" count="9"/>
      <line num="155" type="method" name="isSetupDirectory" visibility="private" complexity="2" crap="2" count="9"/>
      <line num="157" type="stmt" count="9"/>
      <line num="158" type="stmt" count="9"/>
      <line num="164" type="method" name="removeComments" visibility="private" complexity="1" crap="1" count="8"/>
      <line num="166" type="stmt" count="8"/>
      <line num="167" type="stmt" count="8"/>
      <line num="168" type="stmt" count="8"/>
      <line num="170" type="stmt" count="8"/>
      <line num="176" type="method" name="detectSQL" visibility="private" complexity="3" crap="3" count="8"/>
      <line num="178" type="stmt" count="8"/>
      <line num="179" type="stmt" count="8"/>
      <line num="180" type="stmt" count="7"/>
      <line num="188" type="method" name="processMatches" visibility="private" complexity="2" crap="2" count="7"/>
      <line num="196" type="stmt" count="7"/>
      <line num="197" type="stmt" count="7"/>
      <line num="198" type="stmt" count="7"/>
      <line num="200" type="stmt" count="7"/>
      <line num="201" type="stmt" count="7"/>
      <line num="203" type="stmt" count="7"/>
      <line num="205" type="stmt" count="7"/>
      <line num="206" type="stmt" count="7"/>
      <line num="207" type="stmt" count="7"/>
      <line num="214" type="method" name="findLineNumber" visibility="private" complexity="3" crap="3" count="7"/>
      <line num="216" type="stmt" count="7"/>
      <line num="217" type="stmt" count="7"/>
      <line num="218" type="stmt" count="7"/>
      <line num="220" type="stmt" count="7"/>
      <line num="221" type="stmt" count="7"/>
      <line num="222" type="stmt" count="7"/>
      <line num="224" type="stmt" count="7"/>
      <line num="225" type="stmt" count="5"/>
      <line num="229" type="stmt" count="5"/>
      <line num="235" type="method" name="createMessage" visibility="private" complexity="1" crap="1" count="7"/>
      <line num="237" type="stmt" count="7"/>
      <line num="239" type="stmt" count="7"/>
      <line num="240" type="stmt" count="7"/>
      <line num="241" type="stmt" count="7"/>
      <line num="242" type="stmt" count="7"/>
      <line num="243" type="stmt" count="7"/>
      <line num="244" type="stmt" count="7"/>
      <line num="250" type="method" name="truncateSQL" visibility="private" complexity="2" crap="2" count="7"/>
      <line num="252" type="stmt" count="7"/>
      <line num="254" type="stmt" count="7"/>
      <line num="255" type="stmt" count="3"/>
      <line num="258" type="stmt" count="7"/>
      <line num="264" type="method" name="storeResult" visibility="private" complexity="1" crap="1" count="7"/>
      <line num="266" type="stmt" count="7"/>
      <line num="272" type="method" name="reportResults" visibility="private" complexity="3" crap="3" count="9"/>
      <line num="274" type="stmt" count="9"/>
      <line num="275" type="stmt" count="9"/>
      <line num="276" type="stmt" count="7"/>
      <line num="277" type="stmt" count="7"/>
      <line num="278" type="stmt" count="7"/>
      <line num="279" type="stmt" count="7"/>
      <line num="280" type="stmt" count="7"/>
      <line num="288" type="method" name="getReport" visibility="public" complexity="3" crap="3" count="11"/>
      <line num="290" type="stmt" count="11"/>
      <line num="292" type="stmt" count="11"/>
      <line num="293" type="stmt" count="11"/>
      <line num="294" type="stmt" count="7"/>
      <line num="295" type="stmt" count="7"/>
      <line num="296" type="stmt" count="7"/>
      <line num="297" type="stmt" count="7"/>
      <line num="298" type="stmt" count="7"/>
      <line num="299" type="stmt" count="7"/>
      <line num="300" type="stmt" count="7"/>
      <line num="304" type="stmt" count="11"/>
      <metrics loc="307" ncloc="252" classes="1" methods="16" coveredmethods="15" conditionals="0" coveredconditionals="0" statements="77" coveredstatements="76" elements="93" coveredelements="91"/>
    </file>
    <file name="/home/christophe/Public/packages/crealoz/easyaudit-cli/src/Core/Scan/Processor/Helpers.php">
      <class name="EasyAudit\Core\Scan\Processor\Helpers" namespace="global">
        <metrics complexity="42" methods="12" coveredmethods="8" conditionals="0" coveredconditionals="0" statements="127" coveredstatements="115" elements="139" coveredelements="123"/>
      </class>
      <line num="34" type="method" name="getIdentifier" visibility="public" complexity="1" crap="1" count="1"/>
      <line num="36" type="stmt" count="1"/>
      <line num="39" type="method" name="getFileType" visibility="public" complexity="1" crap="1" count="1"/>
      <line num="41" type="stmt" count="1"/>
      <line num="44" type="method" name="getReport" visibility="public" complexity="3" crap="3" count="8"/>
      <line num="46" type="stmt" count="8"/>
      <line num="48" type="stmt" count="8"/>
      <line num="49" type="stmt" count="2"/>
      <line num="50" type="stmt" count="2"/>
      <line num="51" type="stmt" count="2"/>
      <line num="52" type="stmt" count="2"/>
      <line num="53" type="stmt" count="2"/>
      <line num="54" type="stmt" count="2"/>
      <line num="55" type="stmt" count="2"/>
      <line num="56" type="stmt" count="2"/>
      <line num="57" type="stmt" count="2"/>
      <line num="58" type="stmt" count="2"/>
      <line num="59" type="stmt" count="2"/>
      <line num="62" type="stmt" count="8"/>
      <line num="63" type="stmt" count="2"/>
      <line num="64" type="stmt" count="2"/>
      <line num="65" type="stmt" count="2"/>
      <line num="66" type="stmt" count="2"/>
      <line num="67" type="stmt" count="2"/>
      <line num="68" type="stmt" count="2"/>
      <line num="69" type="stmt" count="2"/>
      <line num="70" type="stmt" count="2"/>
      <line num="71" type="stmt" count="2"/>
      <line num="72" type="stmt" count="2"/>
      <line num="75" type="stmt" count="8"/>
      <line num="78" type="method" name="getMessage" visibility="public" complexity="1" crap="1" count="1"/>
      <line num="80" type="stmt" count="1"/>
      <line num="83" type="method" name="process" visibility="public" complexity="9" crap="9" count="8"/>
      <line num="86" type="stmt" count="8"/>
      <line num="87" type="stmt" count="2"/>
      <line num="88" type="stmt" count="2"/>
      <line num="93" type="stmt" count="8"/>
      <line num="94" type="stmt" count="6"/>
      <line num="96" type="stmt" count="6"/>
      <line num="97" type="stmt" count="2"/>
      <line num="100" type="stmt" count="4"/>
      <line num="105" type="stmt" count="8"/>
      <line num="106" type="stmt" count="2"/>
      <line num="107" type="stmt" count="2"/>
      <line num="108" type="stmt" count="2"/>
      <line num="110" type="stmt" count="8"/>
      <line num="111" type="stmt" count="2"/>
      <line num="112" type="stmt" count="2"/>
      <line num="113" type="stmt" count="2"/>
      <line num="120" type="method" name="scanPhtmlForHelpers" visibility="private" complexity="8" crap="10.37" count="2"/>
      <line num="122" type="stmt" count="2"/>
      <line num="123" type="stmt" count="2"/>
      <line num="124" type="stmt" count="0"/>
      <line num="128" type="stmt" count="2"/>
      <line num="130" type="stmt" count="2"/>
      <line num="131" type="stmt" count="0"/>
      <line num="134" type="stmt" count="2"/>
      <line num="135" type="stmt" count="2"/>
      <line num="136" type="stmt" count="2"/>
      <line num="139" type="stmt" count="2"/>
      <line num="140" type="stmt" count="0"/>
      <line num="144" type="stmt" count="2"/>
      <line num="145" type="stmt" count="0"/>
      <line num="146" type="stmt" count="0"/>
      <line num="147" type="stmt" count="0"/>
      <line num="151" type="stmt" count="2"/>
      <line num="152" type="stmt" count="2"/>
      <line num="155" type="stmt" count="2"/>
      <line num="162" type="method" name="checkPhpFileForHelper" visibility="private" complexity="7" crap="7.03" count="4"/>
      <line num="164" type="stmt" count="4"/>
      <line num="165" type="stmt" count="4"/>
      <line num="166" type="stmt" count="0"/>
      <line num="170" type="stmt" count="4"/>
      <line num="171" type="stmt" count="0"/>
      <line num="174" type="stmt" count="4"/>
      <line num="177" type="stmt" count="4"/>
      <line num="178" type="stmt" count="4"/>
      <line num="179" type="stmt" count="0"/>
      <line num="182" type="stmt" count="4"/>
      <line num="185" type="stmt" count="4"/>
      <line num="186" type="stmt" count="4"/>
      <line num="189" type="stmt" count="4"/>
      <line num="191" type="stmt" count="4"/>
      <line num="192" type="stmt" count="4"/>
      <line num="193" type="stmt" count="2"/>
      <line num="194" type="stmt" count="2"/>
      <line num="198" type="stmt" count="4"/>
      <line num="200" type="stmt" count="2"/>
      <line num="201" type="stmt" count="2"/>
      <line num="202" type="stmt" count="2"/>
      <line num="203" type="stmt" count="2"/>
      <line num="204" type="stmt" count="2"/>
      <line num="205" type="stmt" count="2"/>
      <line num="206" type="stmt" count="2"/>
      <line num="207" type="stmt" count="2"/>
      <line num="208" type="stmt" count="2"/>
      <line num="211" type="stmt" count="2"/>
      <line num="212" type="stmt" count="2"/>
      <line num="213" type="stmt" count="2"/>
      <line num="214" type="stmt" count="2"/>
      <line num="215" type="stmt" count="2"/>
      <line num="216" type="stmt" count="2"/>
      <line num="217" type="stmt" count="2"/>
      <line num="218" type="stmt" count="2"/>
      <line num="225" type="method" name="extendsAbstractHelper" visibility="private" complexity="4" crap="4" count="4"/>
      <line num="227" type="stmt" count="4"/>
      <line num="228" type="stmt" count="4"/>
      <line num="229" type="stmt" count="4"/>
      <line num="230" type="stmt" count="4"/>
      <line num="236" type="method" name="extractClassName" visibility="private" complexity="2" crap="2.03" count="4"/>
      <line num="238" type="stmt" count="4"/>
      <line num="239" type="stmt" count="4"/>
      <line num="240" type="stmt" count="4"/>
      <line num="241" type="stmt" count="4"/>
      <line num="244" type="stmt" count="0"/>
      <line num="250" type="method" name="findClassDeclarationLine" visibility="private" complexity="4" crap="4.59" count="4"/>
      <line num="252" type="stmt" count="4"/>
      <line num="254" type="stmt" count="4"/>
      <line num="255" type="stmt" count="4"/>
      <line num="256" type="stmt" count="4"/>
      <line num="260" type="stmt" count="0"/>
      <line num="261" type="stmt" count="0"/>
      <line num="264" type="method" name="getName" visibility="public" complexity="1" crap="1" count="1"/>
      <line num="266" type="stmt" count="1"/>
      <line num="269" type="method" name="getLongDescription" visibility="public" complexity="1" crap="1" count="1"/>
      <line num="271" type="stmt" count="1"/>
      <line num="272" type="stmt" count="1"/>
      <line num="273" type="stmt" count="1"/>
      <line num="274" type="stmt" count="1"/>
      <line num="275" type="stmt" count="1"/>
      <line num="276" type="stmt" count="1"/>
      <line num="277" type="stmt" count="1"/>
      <line num="278" type="stmt" count="1"/>
      <line num="279" type="stmt" count="1"/>
      <line num="280" type="stmt" count="1"/>
      <line num="281" type="stmt" count="1"/>
      <line num="282" type="stmt" count="1"/>
      <line num="283" type="stmt" count="1"/>
      <line num="284" type="stmt" count="1"/>
      <metrics loc="287" ncloc="247" classes="1" methods="12" coveredmethods="8" conditionals="0" coveredconditionals="0" statements="127" coveredstatements="115" elements="139" coveredelements="123"/>
    </file>
    <file name="/home/christophe/Public/packages/crealoz/easyaudit-cli/src/Core/Scan/Processor/MagentoFrameworkPlugin.php">
      <class name="EasyAudit\Core\Scan\Processor\MagentoFrameworkPlugin" namespace="global">
        <metrics complexity="14" methods="7" coveredmethods="7" conditionals="0" coveredconditionals="0" statements="33" coveredstatements="33" elements="40" coveredelements="40"/>
      </class>
      <line num="10" type="method" name="getIdentifier" visibility="public" complexity="1" crap="1" count="7"/>
      <line num="12" type="stmt" count="7"/>
      <line num="15" type="method" name="getFoundCount" visibility="public" complexity="1" crap="1" count="4"/>
      <line num="17" type="stmt" count="4"/>
      <line num="20" type="method" name="process" visibility="public" complexity="8" crap="8" count="6"/>
      <line num="22" type="stmt" count="6"/>
      <line num="23" type="stmt" count="2"/>
      <line num="25" type="stmt" count="4"/>
      <line num="26" type="stmt" count="4"/>
      <line num="27" type="stmt" count="4"/>
      <line num="28" type="stmt" count="4"/>
      <line num="29" type="stmt" count="4"/>
      <line num="31" type="stmt" count="4"/>
      <line num="32" type="stmt" count="1"/>
      <line num="34" type="stmt" count="3"/>
      <line num="35" type="stmt" count="3"/>
      <line num="36" type="stmt" count="3"/>
      <line num="37" type="stmt" count="3"/>
      <line num="39" type="stmt" count="3"/>
      <line num="40" type="stmt" count="2"/>
      <line num="41" type="stmt" count="2"/>
      <line num="42" type="stmt" count="2"/>
      <line num="44" type="stmt" count="2"/>
      <line num="45" type="stmt" count="2"/>
      <line num="46" type="stmt" count="2"/>
      <line num="47" type="stmt" count="2"/>
      <line num="48" type="stmt" count="2"/>
      <line num="53" type="stmt" count="4"/>
      <line num="54" type="stmt" count="2"/>
      <line num="58" type="method" name="getFileType" visibility="public" complexity="1" crap="1" count="1"/>
      <line num="60" type="stmt" count="1"/>
      <line num="63" type="method" name="getMessage" visibility="public" complexity="1" crap="1" count="7"/>
      <line num="65" type="stmt" count="7"/>
      <line num="68" type="method" name="getLongDescription" visibility="public" complexity="1" crap="1" count="7"/>
      <line num="70" type="stmt" count="7"/>
      <line num="71" type="stmt" count="7"/>
      <line num="72" type="stmt" count="7"/>
      <line num="73" type="stmt" count="7"/>
      <line num="76" type="method" name="getName" visibility="public" complexity="1" crap="1" count="7"/>
      <line num="78" type="stmt" count="7"/>
      <metrics loc="81" ncloc="81" classes="1" methods="7" coveredmethods="7" conditionals="0" coveredconditionals="0" statements="33" coveredstatements="33" elements="40" coveredelements="40"/>
    </file>
    <file name="/home/christophe/Public/packages/crealoz/easyaudit-cli/src/Core/Scan/Processor/NoProxyInCommands.php">
      <class name="EasyAudit\Core\Scan\Processor\NoProxyInCommands" namespace="global">
        <metrics complexity="20" methods="8" coveredmethods="5" conditionals="0" coveredconditionals="0" statements="58" coveredstatements="19" elements="66" coveredelements="24"/>
      </class>
      <line num="13" type="method" name="getIdentifier" visibility="public" complexity="1" crap="1" count="5"/>
      <line num="15" type="stmt" count="5"/>
      <line num="21" type="method" name="process" visibility="public" complexity="5" crap="5.06" count="4"/>
      <line num="23" type="stmt" count="4"/>
      <line num="24" type="stmt" count="2"/>
      <line num="25" type="stmt" count="2"/>
      <line num="26" type="stmt" count="2"/>
      <line num="27" type="stmt" count="2"/>
      <line num="29" type="stmt" count="2"/>
      <line num="30" type="stmt" count="1"/>
      <line num="32" type="stmt" count="1"/>
      <line num="34" type="stmt" count="1"/>
      <line num="35" type="stmt" count="1"/>
      <line num="36" type="stmt" count="1"/>
      <line num="37" type="stmt" count="1"/>
      <line num="38" type="stmt" count="0"/>
      <line num="42" type="stmt" count="4"/>
      <line num="43" type="stmt" count="0"/>
      <line num="55" type="method" name="manageCommandNode" visibility="private" complexity="7" crap="56" count="0"/>
      <line num="57" type="stmt" count="0"/>
      <line num="58" type="stmt" count="0"/>
      <line num="59" type="stmt" count="0"/>
      <line num="60" type="stmt" count="0"/>
      <line num="62" type="stmt" count="0"/>
      <line num="63" type="stmt" count="0"/>
      <line num="64" type="stmt" count="0"/>
      <line num="65" type="stmt" count="0"/>
      <line num="69" type="stmt" count="0"/>
      <line num="70" type="stmt" count="0"/>
      <line num="71" type="stmt" count="0"/>
      <line num="72" type="stmt" count="0"/>
      <line num="73" type="stmt" count="0"/>
      <line num="74" type="stmt" count="0"/>
      <line num="75" type="stmt" count="0"/>
      <line num="76" type="stmt" count="0"/>
      <line num="77" type="stmt" count="0"/>
      <line num="78" type="stmt" count="0"/>
      <line num="79" type="stmt" count="0"/>
      <line num="80" type="stmt" count="0"/>
      <line num="81" type="stmt" count="0"/>
      <line num="82" type="stmt" count="0"/>
      <line num="83" type="stmt" count="0"/>
      <line num="84" type="stmt" count="0"/>
      <line num="85" type="stmt" count="0"/>
      <line num="86" type="stmt" count="0"/>
      <line num="87" type="stmt" count="0"/>
      <line num="88" type="stmt" count="0"/>
      <line num="89" type="stmt" count="0"/>
      <line num="90" type="stmt" count="0"/>
      <line num="103" type="method" name="getCommandProxies" visibility="private" complexity="3" crap="12" count="0"/>
      <line num="105" type="stmt" count="0"/>
      <line num="107" type="stmt" count="0"/>
      <line num="108" type="stmt" count="0"/>
      <line num="109" type="stmt" count="0"/>
      <line num="110" type="stmt" count="0"/>
      <line num="111" type="stmt" count="0"/>
      <line num="114" type="stmt" count="0"/>
      <line num="117" type="method" name="getFileType" visibility="public" complexity="1" crap="1" count="1"/>
      <line num="119" type="stmt" count="1"/>
      <line num="122" type="method" name="getMessage" visibility="public" complexity="1" crap="1" count="5"/>
      <line num="124" type="stmt" count="5"/>
      <line num="127" type="method" name="getLongDescription" visibility="public" complexity="1" crap="1" count="5"/>
      <line num="129" type="stmt" count="5"/>
      <line num="132" type="stmt" count="5"/>
      <line num="135" type="method" name="getName" visibility="public" complexity="1" crap="1" count="5"/>
      <line num="137" type="stmt" count="5"/>
      <metrics loc="140" ncloc="118" classes="1" methods="8" coveredmethods="5" conditionals="0" coveredconditionals="0" statements="58" coveredstatements="19" elements="66" coveredelements="24"/>
    </file>
    <file name="/home/christophe/Public/packages/crealoz/easyaudit-cli/src/Core/Scan/Processor/PaymentInterfaceUseAudit.php">
      <class name="EasyAudit\Core\Scan\Processor\PaymentInterfaceUseAudit" namespace="global">
        <metrics complexity="21" methods="9" coveredmethods="0" conditionals="0" coveredconditionals="0" statements="67" coveredstatements="0" elements="76" coveredelements="0"/>
      </class>
      <line num="22" type="method" name="getIdentifier" visibility="public" complexity="1" crap="2" count="0"/>
      <line num="24" type="stmt" count="0"/>
      <line num="27" type="method" name="getFileType" visibility="public" complexity="1" crap="2" count="0"/>
      <line num="29" type="stmt" count="0"/>
      <line num="32" type="method" name="getReport" visibility="public" complexity="2" crap="6" count="0"/>
      <line num="34" type="stmt" count="0"/>
      <line num="36" type="stmt" count="0"/>
      <line num="37" type="stmt" count="0"/>
      <line num="38" type="stmt" count="0"/>
      <line num="39" type="stmt" count="0"/>
      <line num="40" type="stmt" count="0"/>
      <line num="41" type="stmt" count="0"/>
      <line num="42" type="stmt" count="0"/>
      <line num="43" type="stmt" count="0"/>
      <line num="44" type="stmt" count="0"/>
      <line num="45" type="stmt" count="0"/>
      <line num="46" type="stmt" count="0"/>
      <line num="47" type="stmt" count="0"/>
      <line num="48" type="stmt" count="0"/>
      <line num="49" type="stmt" count="0"/>
      <line num="50" type="stmt" count="0"/>
      <line num="51" type="stmt" count="0"/>
      <line num="52" type="stmt" count="0"/>
      <line num="55" type="stmt" count="0"/>
      <line num="58" type="method" name="getMessage" visibility="public" complexity="1" crap="2" count="0"/>
      <line num="60" type="stmt" count="0"/>
      <line num="61" type="stmt" count="0"/>
      <line num="64" type="method" name="process" visibility="public" complexity="7" crap="56" count="0"/>
      <line num="66" type="stmt" count="0"/>
      <line num="67" type="stmt" count="0"/>
      <line num="70" type="stmt" count="0"/>
      <line num="72" type="stmt" count="0"/>
      <line num="73" type="stmt" count="0"/>
      <line num="76" type="stmt" count="0"/>
      <line num="77" type="stmt" count="0"/>
      <line num="78" type="stmt" count="0"/>
      <line num="82" type="stmt" count="0"/>
      <line num="83" type="stmt" count="0"/>
      <line num="86" type="stmt" count="0"/>
      <line num="88" type="stmt" count="0"/>
      <line num="89" type="stmt" count="0"/>
      <line num="90" type="stmt" count="0"/>
      <line num="91" type="stmt" count="0"/>
      <line num="99" type="method" name="extendsAbstractMethod" visibility="private" complexity="2" crap="6" count="0"/>
      <line num="102" type="stmt" count="0"/>
      <line num="103" type="stmt" count="0"/>
      <line num="109" type="method" name="findClassDeclarationLine" visibility="private" complexity="5" crap="30" count="0"/>
      <line num="111" type="stmt" count="0"/>
      <line num="113" type="stmt" count="0"/>
      <line num="114" type="stmt" count="0"/>
      <line num="115" type="stmt" count="0"/>
      <line num="120" type="stmt" count="0"/>
      <line num="121" type="stmt" count="0"/>
      <line num="122" type="stmt" count="0"/>
      <line num="123" type="stmt" count="0"/>
      <line num="124" type="stmt" count="0"/>
      <line num="127" type="method" name="getName" visibility="public" complexity="1" crap="2" count="0"/>
      <line num="129" type="stmt" count="0"/>
      <line num="132" type="method" name="getLongDescription" visibility="public" complexity="1" crap="2" count="0"/>
      <line num="134" type="stmt" count="0"/>
[...]
      <line num="42" type="stmt" count="1"/>
      <line num="45" type="stmt" count="8"/>
      <line num="46" type="stmt" count="8"/>
      <line num="48" type="stmt" count="8"/>
      <line num="49" type="stmt" count="8"/>
      <line num="50" type="stmt" count="8"/>
      <line num="51" type="stmt" count="8"/>
      <line num="52" type="stmt" count="8"/>
      <line num="54" type="stmt" count="8"/>
      <metrics loc="57" ncloc="44" classes="1" methods="2" coveredmethods="2" conditionals="0" coveredconditionals="0" statements="18" coveredstatements="18" elements="20" coveredelements="20"/>
    </file>
    <file name="/home/christophe/Public/packages/crealoz/easyaudit-cli/src/Service/PayloadPreparers/AbstractPreparer.php">
      <class name="EasyAudit\Service\PayloadPreparers\AbstractPreparer" namespace="global">
        <metrics complexity="6" methods="3" coveredmethods="2" conditionals="0" coveredconditionals="0" statements="6" coveredstatements="5" elements="9" coveredelements="7"/>
      </class>
      <line num="19" type="method" name="isSpecificRule" visibility="protected" complexity="1" crap="1" count="15"/>
      <line num="21" type="stmt" count="15"/>
      <line num="24" type="method" name="getMappedRule" visibility="protected" complexity="1" crap="2" count="0"/>
      <line num="26" type="stmt" count="0"/>
      <line num="29" type="method" name="isRuleFixable" visibility="protected" complexity="4" crap="4" count="14"/>
      <line num="31" type="stmt" count="14"/>
      <line num="32" type="stmt" count="14"/>
      <line num="33" type="stmt" count="8"/>
      <line num="35" type="stmt" count="14"/>
      <metrics loc="38" ncloc="30" classes="1" methods="3" coveredmethods="2" conditionals="0" coveredconditionals="0" statements="6" coveredstatements="5" elements="9" coveredelements="7"/>
    </file>
    <file name="/home/christophe/Public/packages/crealoz/easyaudit-cli/src/Service/PayloadPreparers/DiPreparer.php">
      <class name="EasyAudit\Service\PayloadPreparers\DiPreparer" namespace="global">
        <metrics complexity="21" methods="4" coveredmethods="4" conditionals="0" coveredconditionals="0" statements="39" coveredstatements="39" elements="43" coveredelements="43"/>
      </class>
      <line num="19" type="method" name="prepareFiles" visibility="public" complexity="5" crap="5" count="10"/>
      <line num="21" type="stmt" count="10"/>
      <line num="23" type="stmt" count="10"/>
      <line num="24" type="stmt" count="9"/>
      <line num="25" type="stmt" count="4"/>
      <line num="28" type="stmt" count="7"/>
      <line num="31" type="stmt" count="10"/>
      <line num="34" type="method" name="canFix" visibility="protected" complexity="3" crap="3" count="9"/>
      <line num="36" type="stmt" count="9"/>
      <line num="39" type="method" name="processFiles" visibility="private" complexity="9" crap="9" count="7"/>
      <line num="41" type="stmt" count="7"/>
      <line num="42" type="stmt" count="7"/>
      <line num="43" type="stmt" count="7"/>
      <line num="44" type="stmt" count="7"/>
      <line num="45" type="stmt" count="7"/>
      <line num="46" type="stmt" count="7"/>
      <line num="48" type="stmt" count="7"/>
      <line num="49" type="stmt" count="1"/>
      <line num="52" type="stmt" count="6"/>
      <line num="53" type="stmt" count="6"/>
      <line num="56" type="stmt" count="6"/>
      <line num="57" type="stmt" count="6"/>
      <line num="61" type="stmt" count="6"/>
      <line num="62" type="stmt" count="6"/>
      <line num="63" type="stmt" count="6"/>
      <line num="76" type="method" name="preparePayload" visibility="public" complexity="4" crap="4" count="4"/>
      <line num="78" type="stmt" count="4"/>
      <line num="79" type="stmt" count="4"/>
      <line num="80" type="stmt" count="1"/>
      <line num="84" type="stmt" count="3"/>
      <line num="85" type="stmt" count="3"/>
      <line num="86" type="stmt" count="2"/>
      <line num="87" type="stmt" count="2"/>
      <line num="88" type="stmt" count="2"/>
      <line num="89" type="stmt" count="2"/>
      <line num="90" type="stmt" count="2"/>
      <line num="91" type="stmt" count="2"/>
      <line num="95" type="stmt" count="3"/>
      <line num="96" type="stmt" count="3"/>
      <line num="97" type="stmt" count="3"/>
      <line num="98" type="stmt" count="3"/>
      <line num="99" type="stmt" count="3"/>
      <line num="100" type="stmt" count="3"/>
      <metrics loc="103" ncloc="84" classes="1" methods="4" coveredmethods="4" conditionals="0" coveredconditionals="0" statements="39" coveredstatements="39" elements="43" coveredelements="43"/>
    </file>
    <file name="/home/christophe/Public/packages/crealoz/easyaudit-cli/src/Service/PayloadPreparers/GeneralPreparer.php">
      <class name="EasyAudit\Service\PayloadPreparers\GeneralPreparer" namespace="global">
        <metrics complexity="13" methods="3" coveredmethods="3" conditionals="0" coveredconditionals="0" statements="31" coveredstatements="31" elements="34" coveredelements="34"/>
      </class>
      <line num="19" type="method" name="prepareFiles" visibility="public" complexity="7" crap="7" count="7"/>
      <line num="21" type="stmt" count="7"/>
      <line num="23" type="stmt" count="7"/>
      <line num="24" type="stmt" count="6"/>
      <line num="25" type="stmt" count="4"/>
      <line num="27" type="stmt" count="4"/>
      <line num="29" type="stmt" count="4"/>
      <line num="30" type="stmt" count="4"/>
      <line num="32" type="stmt" count="4"/>
      <line num="33" type="stmt" count="4"/>
      <line num="34" type="stmt" count="4"/>
      <line num="35" type="stmt" count="4"/>
      <line num="38" type="stmt" count="4"/>
      <line num="39" type="stmt" count="4"/>
      <line num="40" type="stmt" count="4"/>
      <line num="41" type="stmt" count="4"/>
      <line num="45" type="stmt" count="7"/>
      <line num="48" type="method" name="canFix" visibility="protected" complexity="2" crap="2" count="6"/>
      <line num="50" type="stmt" count="6"/>
      <line num="61" type="method" name="preparePayload" visibility="public" complexity="4" crap="4" count="6"/>
      <line num="63" type="stmt" count="6"/>
      <line num="64" type="stmt" count="6"/>
      <line num="65" type="stmt" count="1"/>
      <line num="69" type="stmt" count="5"/>
      <line num="70" type="stmt" count="5"/>
      <line num="71" type="stmt" count="4"/>
      <line num="72" type="stmt" count="4"/>
      <line num="75" type="stmt" count="4"/>
      <line num="76" type="stmt" count="4"/>
      <line num="78" type="stmt" count="1"/>
      <line num="82" type="stmt" count="5"/>
      <line num="83" type="stmt" count="5"/>
      <line num="84" type="stmt" count="5"/>
      <line num="85" type="stmt" count="5"/>
      <metrics loc="88" ncloc="69" classes="1" methods="3" coveredmethods="3" conditionals="0" coveredconditionals="0" statements="31" coveredstatements="31" elements="34" coveredelements="34"/>
    </file>
    <file name="/home/christophe/Public/packages/crealoz/easyaudit-cli/src/Service/PayloadPreparers/PreparerInterface.php">
      <metrics loc="39" ncloc="21" classes="0" methods="0" coveredmethods="0" conditionals="0" coveredconditionals="0" statements="0" coveredstatements="0" elements="0" coveredelements="0"/>
    </file>
    <file name="/home/christophe/Public/packages/crealoz/easyaudit-cli/src/Support/Env.php">
      <class name="EasyAudit\Support\Env" namespace="global">
        <metrics complexity="20" methods="6" coveredmethods="5" conditionals="0" coveredconditionals="0" statements="37" coveredstatements="35" elements="43" coveredelements="40"/>
      </class>
      <line num="19" type="method" name="getAuthHeader" visibility="public" complexity="6" crap="6" count="8"/>
      <line num="21" type="stmt" count="8"/>
      <line num="23" type="stmt" count="8"/>
      <line num="24" type="stmt" count="6"/>
      <line num="25" type="stmt" count="6"/>
      <line num="26" type="stmt" count="2"/>
      <line num="28" type="stmt" count="4"/>
      <line num="29" type="stmt" count="1"/>
      <line num="31" type="stmt" count="3"/>
      <line num="32" type="stmt" count="2"/>
      <line num="35" type="stmt" count="2"/>
      <line num="36" type="stmt" count="1"/>
      <line num="38" type="stmt" count="4"/>
      <line num="47" type="method" name="storeCredentials" visibility="public" complexity="1" crap="1" count="1"/>
      <line num="49" type="stmt" count="1"/>
      <line num="50" type="stmt" count="1"/>
      <line num="51" type="stmt" count="1"/>
      <line num="52" type="stmt" count="1"/>
      <line num="53" type="stmt" count="1"/>
      <line num="54" type="stmt" count="1"/>
      <line num="63" type="method" name="getStoredCredentials" visibility="public" complexity="7" crap="7.18" count="6"/>
      <line num="65" type="stmt" count="6"/>
      <line num="66" type="stmt" count="6"/>
      <line num="67" type="stmt" count="2"/>
      <line num="68" type="stmt" count="2"/>
      <line num="70" type="stmt" count="4"/>
      <line num="71" type="stmt" count="4"/>
      <line num="72" type="stmt" count="0"/>
      <line num="73" type="stmt" count="0"/>
      <line num="75" type="stmt" count="4"/>
      <line num="76" type="stmt" count="4"/>
      <line num="77" type="stmt" count="2"/>
      <line num="78" type="stmt" count="2"/>
      <line num="80" type="stmt" count="2"/>
      <line num="90" type="method" name="isSelfSigned" visibility="public" complexity="1" crap="1" count="3"/>
      <line num="92" type="stmt" count="3"/>
      <line num="101" type="method" name="isGithubActions" visibility="public" complexity="2" crap="2" count="11"/>
      <line num="103" type="stmt" count="11"/>
      <line num="111" type="method" name="getApiUrl" visibility="public" complexity="3" crap="3" count="4"/>
      <line num="113" type="stmt" count="4"/>
      <line num="114" type="stmt" count="4"/>
      <line num="115" type="stmt" count="3"/>
      <line num="117" type="stmt" count="1"/>
      <metrics loc="120" ncloc="80" classes="1" methods="6" coveredmethods="5" conditionals="0" coveredconditionals="0" statements="37" coveredstatements="35" elements="43" coveredelements="40"/>
    </file>
    <file name="/home/christophe/Public/packages/crealoz/easyaudit-cli/src/Support/Paths.php">
      <class name="EasyAudit\Support\Paths" namespace="global">
        <metrics complexity="37" methods="6" coveredmethods="2" conditionals="0" coveredconditionals="0" statements="51" coveredstatements="41" elements="57" coveredelements="43"/>
      </class>
      <line num="7" type="method" name="configDir" visibility="public" complexity="7" crap="7.39" count="25"/>
      <line num="9" type="stmt" count="25"/>
      <line num="10" type="stmt" count="25"/>
      <line num="11" type="stmt" count="25"/>
      <line num="12" type="stmt" count="0"/>
      <line num="14" type="stmt" count="25"/>
      <line num="17" type="method" name="configFile" visibility="public" complexity="2" crap="2" count="23"/>
      <line num="19" type="stmt" count="23"/>
      <line num="20" type="stmt" count="23"/>
      <line num="21" type="stmt" count="1"/>
      <line num="23" type="stmt" count="22"/>
      <line num="26" type="method" name="updateConfigFile" visibility="public" complexity="4" crap="4.05" count="15"/>
      <line num="28" type="stmt" count="15"/>
      <line num="29" type="stmt" count="15"/>
      <line num="30" type="stmt" count="15"/>
      <line num="31" type="stmt" count="15"/>
      <line num="32" type="stmt" count="15"/>
      <line num="33" type="stmt" count="0"/>
      <line num="35" type="stmt" count="15"/>
      <line num="38" type="method" name="getConfig" visibility="public" complexity="8" crap="8.10" count="11"/>
      <line num="40" type="stmt" count="11"/>
      <line num="41" type="stmt" count="11"/>
      <line num="42" type="stmt" count="3"/>
      <line num="44" type="stmt" count="8"/>
      <line num="45" type="stmt" count="8"/>
      <line num="46" type="stmt" count="0"/>
      <line num="48" type="stmt" count="8"/>
      <line num="49" type="stmt" count="8"/>
      <line num="50" type="stmt" count="0"/>
      <line num="52" type="stmt" count="8"/>
      <line num="53" type="stmt" count="1"/>
      <line num="54" type="stmt" count="1"/>
      <line num="55" type="stmt" count="1"/>
      <line num="57" type="stmt" count="1"/>
      <line num="59" type="stmt" count="7"/>
      <line num="60" type="stmt" count="1"/>
      <line num="62" type="stmt" count="6"/>
      <line num="71" type="method" name="expandTilde" visibility="public" complexity="8" crap="35.00" count="59"/>
      <line num="73" type="stmt" count="59"/>
      <line num="74" type="stmt" count="59"/>
      <line num="77" type="stmt" count="0"/>
      <line num="78" type="stmt" count="0"/>
      <line num="79" type="stmt" count="0"/>
      <line num="83" type="stmt" count="0"/>
      <line num="84" type="stmt" count="0"/>
      <line num="87" type="stmt" count="0"/>
      <line num="99" type="method" name="getAbsolutePath" visibility="public" complexity="8" crap="8" count="59"/>
      <line num="102" type="stmt" count="59"/>
      <line num="104" type="stmt" count="59"/>
      <line num="105" type="stmt" count="3"/>
      <line num="108" type="stmt" count="56"/>
      <line num="109" type="stmt" count="53"/>
      <line num="113" type="stmt" count="3"/>
      <line num="114" type="stmt" count="3"/>
      <line num="115" type="stmt" count="1"/>
      <line num="118" type="stmt" count="2"/>
      <line num="119" type="stmt" count="2"/>
      <metrics loc="122" ncloc="104" classes="1" methods="6" coveredmethods="2" conditionals="0" coveredconditionals="0" statements="51" coveredstatements="41" elements="57" coveredelements="43"/>
    </file>
    <file name="/home/christophe/Public/packages/crealoz/easyaudit-cli/src/Support/ProjectIdentifier.php">
      <class name="EasyAudit\Support\ProjectIdentifier" namespace="global">
        <metrics complexity="38" methods="7" coveredmethods="4" conditionals="0" coveredconditionals="0" statements="75" coveredstatements="71" elements="82" coveredelements="75"/>
      </class>
      <line num="15" type="method" name="resolve" visibility="public" complexity="1" crap="1" count="19"/>
      <line num="17" type="stmt" count="19"/>
      <line num="18" type="stmt" count="19"/>
      <line num="20" type="stmt" count="19"/>
      <line num="26" type="method" name="resolveBaseName" visibility="private" complexity="5" crap="5" count="19"/>
      <line num="29" type="stmt" count="19"/>
      <line num="30" type="stmt" count="9"/>
      <line num="34" type="stmt" count="11"/>
      <line num="35" type="stmt" count="11"/>
      <line num="36" type="stmt" count="5"/>
      <line num="40" type="stmt" count="6"/>
      <line num="41" type="stmt" count="6"/>
      <line num="42" type="stmt" count="2"/>
      <line num="46" type="stmt" count="4"/>
      <line num="53" type="method" name="fromComposer" visibility="private" complexity="15" crap="15.08" count="11"/>
      <line num="55" type="stmt" count="11"/>
      <line num="58" type="stmt" count="11"/>
      <line num="59" type="stmt" count="11"/>
      <line num="60" type="stmt" count="6"/>
      <line num="61" type="stmt" count="6"/>
      <line num="62" type="stmt" count="4"/>
      <line num="67" type="stmt" count="7"/>
      <line num="68" type="stmt" count="7"/>
      <line num="69" type="stmt" count="2"/>
      <line num="70" type="stmt" count="2"/>
      <line num="71" type="stmt" count="2"/>
      <line num="72" type="stmt" count="2"/>
      <line num="73" type="stmt" count="2"/>
      <line num="75" type="stmt" count="2"/>
      <line num="76" type="stmt" count="2"/>
      <line num="77" type="stmt" count="0"/>
      <line num="79" type="stmt" count="2"/>
      <line num="80" type="stmt" count="2"/>
      <line num="81" type="stmt" count="0"/>
      <line num="83" type="stmt" count="2"/>
      <line num="84" type="stmt" count="2"/>
      <line num="85" type="stmt" count="2"/>
      <line num="87" type="stmt" count="2"/>
      <line num="88" type="stmt" count="2"/>
      <line num="89" type="stmt" count="1"/>
      <line num="90" type="stmt" count="1"/>
      <line num="91" type="stmt" count="1"/>
      <line num="99" type="stmt" count="6"/>
      <line num="105" type="method" name="parseComposerName" visibility="private" complexity="5" crap="5.07" count="7"/>
      <line num="107" type="stmt" count="7"/>
      <line num="108" type="stmt" count="7"/>
      <line num="109" type="stmt" count="0"/>
      <line num="111" type="stmt" count="7"/>
      <line num="112" type="stmt" count="7"/>
      <line num="113" type="stmt" count="2"/>
      <line num="115" type="stmt" count="5"/>
      <line num="121" type="method" name="fromModuleXml" visibility="private" complexity="6" crap="6" count="6"/>
      <line num="123" type="stmt" count="6"/>
      <line num="126" type="stmt" count="6"/>
      <line num="127" type="stmt" count="6"/>
      <line num="128" type="stmt" count="6"/>
      <line num="129" type="stmt" count="6"/>
      <line num="131" type="stmt" count="6"/>
      <line num="132" type="stmt" count="6"/>
      <line num="133" type="stmt" count="6"/>
      <line num="134" type="stmt" count="3"/>
      <line num="135" type="stmt" count="3"/>
      <line num="136" type="stmt" count="3"/>
      <line num="137" type="stmt" count="2"/>
      <line num="143" type="stmt" count="4"/>
      <line num="149" type="method" name="parseModuleXml" visibility="private" complexity="3" crap="3.04" count="3"/>
      <line num="151" type="stmt" count="3"/>
      <line num="152" type="stmt" count="3"/>
      <line num="153" type="stmt" count="0"/>
      <line num="157" type="stmt" count="3"/>
      <line num="158" type="stmt" count="2"/>
      <line num="161" type="stmt" count="1"/>
      <line num="168" type="method" name="slugify" visibility="private" complexity="3" crap="3" count="15"/>
      <line num="171" type="stmt" count="15"/>
      <line num="174" type="stmt" count="15"/>
      <line num="177" type="stmt" count="15"/>
      <line num="180" type="stmt" count="15"/>
      <line num="183" type="stmt" count="15"/>
      <line num="186" type="stmt" count="15"/>
      <line num="187" type="stmt" count="2"/>
      <line num="188" type="stmt" count="2"/>
      <line num="191" type="stmt" count="15"/>
      <metrics loc="194" ncloc="152" classes="1" methods="7" coveredmethods="4" conditionals="0" coveredconditionals="0" statements="75" coveredstatements="71" elements="82" coveredelements="75"/>
    </file>
    <file name="/home/christophe/Public/packages/crealoz/easyaudit-cli/src/Version.php">
      <class name="EasyAudit\Version" namespace="global">
        <metrics complexity="3" methods="2" coveredmethods="0" conditionals="0" coveredconditionals="0" statements="7" coveredstatements="0" elements="9" coveredelements="0"/>
      </class>
      <line num="22" type="method" name="getVersionString" visibility="public" complexity="2" crap="6" count="0"/>
      <line num="24" type="stmt" count="0"/>
      <line num="25" type="stmt" count="0"/>
      <line num="27" type="stmt" count="0"/>
      <line num="28" type="stmt" count="0"/>
      <line num="31" type="stmt" count="0"/>
      <line num="32" type="stmt" count="0"/>
      <line num="38" type="method" name="isReleaseBuild" visibility="public" complexity="1" crap="2" count="0"/>
      <line num="40" type="stmt" count="0"/>
      <metrics loc="43" ncloc="28" classes="1" methods="2" coveredmethods="0" conditionals="0" coveredconditionals="0" statements="7" coveredstatements="0" elements="9" coveredelements="0"/>
    </file>
    <metrics files="48" loc="7367" ncloc="6048" classes="44" methods="330" coveredmethods="171" conditionals="0" coveredconditionals="0" statements="2572" coveredstatements="1529" elements="2902" coveredelements="1700"/>
  </project>
</coverage>
